#! /c/Source/iverilog-install/bin/vvp
:ivl_version "12.0 (devel)" "(s20150603-1110-g18392a46)";
:ivl_delay_selection "TYPICAL";
:vpi_time_precision - 12;
:vpi_module "C:\iverilog\lib\ivl\system.vpi";
:vpi_module "C:\iverilog\lib\ivl\vhdl_sys.vpi";
:vpi_module "C:\iverilog\lib\ivl\vhdl_textio.vpi";
:vpi_module "C:\iverilog\lib\ivl\v2005_math.vpi";
:vpi_module "C:\iverilog\lib\ivl\va_math.vpi";
S_000001de69a0db40 .scope module, "dot_product" "dot_product" 2 1;
 .timescale 0 0;
    .port_info 0 /INPUT 1 "clk";
    .port_info 1 /INPUT 1 "reset";
    .port_info 2 /INPUT 1 "a";
    .port_info 3 /INPUT 1 "b";
    .port_info 4 /OUTPUT 16 "result";
o000001de69a12218 .functor BUFZ 1, C4<z>; HiZ drive
v000001de69a11930_0 .net "a", 0 0, o000001de69a12218;  0 drivers
o000001de69a12248 .functor BUFZ 1, C4<z>; HiZ drive
v000001de69a11390_0 .net "b", 0 0, o000001de69a12248;  0 drivers
o000001de69a120c8 .functor BUFZ 1, C4<z>; HiZ drive
v000001de69a116b0_0 .net "clk", 0 0, o000001de69a120c8;  0 drivers
v000001de69a117f0_0 .net "mult_out", 0 0, L_000001de699fa080;  1 drivers
o000001de69a12128 .functor BUFZ 1, C4<z>; HiZ drive
v000001de69a10490_0 .net "reset", 0 0, o000001de69a12128;  0 drivers
v000001de69a112f0_0 .net "result", 15 0, v000001de69a10fd0_0;  1 drivers
S_000001de699797d0 .scope module, "acc" "counter_accumulator" 2 17, 3 1 0, S_000001de69a0db40;
 .timescale 0 0;
    .port_info 0 /INPUT 1 "clk";
    .port_info 1 /INPUT 1 "reset";
    .port_info 2 /INPUT 1 "bit_in";
    .port_info 3 /OUTPUT 16 "count";
v000001de69a11570_0 .net "bit_in", 0 0, L_000001de699fa080;  alias, 1 drivers
v000001de69a107b0_0 .net "clk", 0 0, o000001de69a120c8;  alias, 0 drivers
v000001de69a10fd0_0 .var "count", 15 0;
v000001de69a100d0_0 .net "reset", 0 0, o000001de69a12128;  alias, 0 drivers
E_000001de699fdd20 .event posedge, v000001de69a100d0_0, v000001de69a107b0_0;
S_000001de69979960 .scope module, "mult" "stochastic_multiplier" 2 11, 4 1 0, S_000001de69a0db40;
 .timescale 0 0;
    .port_info 0 /INPUT 1 "a";
    .port_info 1 /INPUT 1 "b";
    .port_info 2 /OUTPUT 1 "y";
L_000001de699fa080 .functor AND 1, o000001de69a12218, o000001de69a12248, C4<1>, C4<1>;
v000001de69a10210_0 .net "a", 0 0, o000001de69a12218;  alias, 0 drivers
v000001de69a102b0_0 .net "b", 0 0, o000001de69a12248;  alias, 0 drivers
v000001de69a10350_0 .net "y", 0 0, L_000001de699fa080;  alias, 1 drivers
S_000001de699c4a20 .scope module, "parallel_bitstream_generator" "parallel_bitstream_generator" 5 1;
 .timescale 0 0;
    .port_info 0 /INPUT 1 "clk";
    .port_info 1 /INPUT 1 "reset";
    .port_info 2 /INPUT 8 "mag1";
    .port_info 3 /INPUT 8 "mag2";
    .port_info 4 /INPUT 8 "mag3";
    .port_info 5 /INPUT 8 "mag4";
    .port_info 6 /OUTPUT 1 "bit1";
    .port_info 7 /OUTPUT 1 "bit2";
    .port_info 8 /OUTPUT 1 "bit3";
    .port_info 9 /OUTPUT 1 "bit4";
v000001de699ef5d0_0 .net "bit1", 0 0, L_000001de69a7dd30;  1 drivers
v000001de699ef2b0_0 .net "bit2", 0 0, L_000001de69a7dfb0;  1 drivers
v000001de699efb70_0 .net "bit3", 0 0, L_000001de69a7ced0;  1 drivers
v000001de699ef670_0 .net "bit4", 0 0, L_000001de69a7e050;  1 drivers
o000001de69a12878 .functor BUFZ 1, C4<z>; HiZ drive
v000001de699ee6d0_0 .net "clk", 0 0, o000001de69a12878;  0 drivers
o000001de69a12428 .functor BUFZ 8, C4<zzzzzzzz>; HiZ drive
v000001de699ee450_0 .net "mag1", 7 0, o000001de69a12428;  0 drivers
o000001de69a12548 .functor BUFZ 8, C4<zzzzzzzz>; HiZ drive
v000001de699ef710_0 .net "mag2", 7 0, o000001de69a12548;  0 drivers
o000001de69a12668 .functor BUFZ 8, C4<zzzzzzzz>; HiZ drive
v000001de699eec70_0 .net "mag3", 7 0, o000001de69a12668;  0 drivers
o000001de69a12788 .functor BUFZ 8, C4<zzzzzzzz>; HiZ drive
v000001de699ee8b0_0 .net "mag4", 7 0, o000001de69a12788;  0 drivers
o000001de69a128a8 .functor BUFZ 1, C4<z>; HiZ drive
v000001de699ee9f0_0 .net "reset", 0 0, o000001de69a128a8;  0 drivers
v000001de699eeb30_0 .net "s1", 7 0, v000001de69a11c50_0;  1 drivers
v000001de699efa30_0 .net "s2", 7 0, v000001de69a10cb0_0;  1 drivers
v000001de699eeef0_0 .net "s3", 7 0, v000001de69a10e90_0;  1 drivers
v000001de699efe90_0 .net "s4", 7 0, v000001de699eee50_0;  1 drivers
S_000001de6996d2b0 .scope module, "c1" "comparator" 5 25, 6 1 0, S_000001de699c4a20;
 .timescale 0 0;
    .port_info 0 /INPUT 8 "a";
    .port_info 1 /INPUT 8 "b";
    .port_info 2 /OUTPUT 1 "y";
v000001de69a105d0_0 .net "a", 7 0, v000001de69a11c50_0;  alias, 1 drivers
v000001de69a108f0_0 .net "b", 7 0, o000001de69a12428;  alias, 0 drivers
v000001de69a10670_0 .net "y", 0 0, L_000001de69a7dd30;  alias, 1 drivers
L_000001de69a7dd30 .cmp/gt 8, o000001de69a12428, v000001de69a11c50_0;
S_000001de6996d440 .scope module, "c2" "comparator" 5 26, 6 1 0, S_000001de699c4a20;
 .timescale 0 0;
    .port_info 0 /INPUT 8 "a";
    .port_info 1 /INPUT 8 "b";
    .port_info 2 /OUTPUT 1 "y";
v000001de69a11250_0 .net "a", 7 0, v000001de69a10cb0_0;  alias, 1 drivers
v000001de69a10710_0 .net "b", 7 0, o000001de69a12548;  alias, 0 drivers
v000001de69a11750_0 .net "y", 0 0, L_000001de69a7dfb0;  alias, 1 drivers
L_000001de69a7dfb0 .cmp/gt 8, o000001de69a12548, v000001de69a10cb0_0;
S_000001de6996d5d0 .scope module, "c3" "comparator" 5 27, 6 1 0, S_000001de699c4a20;
 .timescale 0 0;
    .port_info 0 /INPUT 8 "a";
    .port_info 1 /INPUT 8 "b";
    .port_info 2 /OUTPUT 1 "y";
v000001de69a11890_0 .net "a", 7 0, v000001de69a10e90_0;  alias, 1 drivers
v000001de69a119d0_0 .net "b", 7 0, o000001de69a12668;  alias, 0 drivers
v000001de69a10850_0 .net "y", 0 0, L_000001de69a7ced0;  alias, 1 drivers
L_000001de69a7ced0 .cmp/gt 8, o000001de69a12668, v000001de69a10e90_0;
S_000001de6996cd40 .scope module, "c4" "comparator" 5 28, 6 1 0, S_000001de699c4a20;
 .timescale 0 0;
    .port_info 0 /INPUT 8 "a";
    .port_info 1 /INPUT 8 "b";
    .port_info 2 /OUTPUT 1 "y";
v000001de69a10c10_0 .net "a", 7 0, v000001de699eee50_0;  alias, 1 drivers
v000001de69a11a70_0 .net "b", 7 0, o000001de69a12788;  alias, 0 drivers
v000001de69a11b10_0 .net "y", 0 0, L_000001de69a7e050;  alias, 1 drivers
L_000001de69a7e050 .cmp/gt 8, o000001de69a12788, v000001de699eee50_0;
S_000001de6996ced0 .scope module, "g1" "sobol_generator" 5 20, 7 1 0, S_000001de699c4a20;
 .timescale 0 0;
    .port_info 0 /INPUT 1 "clk";
    .port_info 1 /INPUT 1 "reset";
    .port_info 2 /OUTPUT 8 "value";
v000001de69a11bb0_0 .net "clk", 0 0, o000001de69a12878;  alias, 0 drivers
v000001de69a10990_0 .net "reset", 0 0, o000001de69a128a8;  alias, 0 drivers
v000001de69a11c50_0 .var "value", 7 0;
E_000001de699fe2a0 .event posedge, v000001de69a10990_0, v000001de69a11bb0_0;
S_000001de6996d060 .scope module, "g2" "sobol_generator" 5 21, 7 1 0, S_000001de699c4a20;
 .timescale 0 0;
    .port_info 0 /INPUT 1 "clk";
    .port_info 1 /INPUT 1 "reset";
    .port_info 2 /OUTPUT 8 "value";
v000001de69a10a30_0 .net "clk", 0 0, o000001de69a12878;  alias, 0 drivers
v000001de69a10b70_0 .net "reset", 0 0, o000001de69a128a8;  alias, 0 drivers
v000001de69a10cb0_0 .var "value", 7 0;
S_000001de69966fd0 .scope module, "g3" "sobol_generator" 5 22, 7 1 0, S_000001de699c4a20;
 .timescale 0 0;
    .port_info 0 /INPUT 1 "clk";
    .port_info 1 /INPUT 1 "reset";
    .port_info 2 /OUTPUT 8 "value";
v000001de69a10d50_0 .net "clk", 0 0, o000001de69a12878;  alias, 0 drivers
v000001de69a10df0_0 .net "reset", 0 0, o000001de69a128a8;  alias, 0 drivers
v000001de69a10e90_0 .var "value", 7 0;
S_000001de69967160 .scope module, "g4" "sobol_generator" 5 23, 7 1 0, S_000001de699c4a20;
 .timescale 0 0;
    .port_info 0 /INPUT 1 "clk";
    .port_info 1 /INPUT 1 "reset";
    .port_info 2 /OUTPUT 8 "value";
v000001de69a10f30_0 .net "clk", 0 0, o000001de69a12878;  alias, 0 drivers
v000001de699ef350_0 .net "reset", 0 0, o000001de69a128a8;  alias, 0 drivers
v000001de699eee50_0 .var "value", 7 0;
S_000001de69a0e020 .scope module, "signed_stochastic_multiplier" "signed_stochastic_multiplier" 8 1;
 .timescale 0 0;
    .port_info 0 /INPUT 1 "mag_a";
    .port_info 1 /INPUT 1 "mag_b";
    .port_info 2 /INPUT 1 "sign_a";
    .port_info 3 /INPUT 1 "sign_b";
    .port_info 4 /OUTPUT 1 "mag_out";
    .port_info 5 /OUTPUT 1 "sign_out";
o000001de69a12cf8 .functor BUFZ 1, C4<z>; HiZ drive
v000001de699eef90_0 .net "mag_a", 0 0, o000001de69a12cf8;  0 drivers
o000001de69a12d28 .functor BUFZ 1, C4<z>; HiZ drive
v000001de699f0250_0 .net "mag_b", 0 0, o000001de69a12d28;  0 drivers
v000001de699ef210_0 .net "mag_out", 0 0, L_000001de699fa550;  1 drivers
o000001de69a12e18 .functor BUFZ 1, C4<z>; HiZ drive
v000001de699ef490_0 .net "sign_a", 0 0, o000001de69a12e18;  0 drivers
o000001de69a12e48 .functor BUFZ 1, C4<z>; HiZ drive
v000001de699f02f0_0 .net "sign_b", 0 0, o000001de69a12e48;  0 drivers
v000001de699ee4f0_0 .net "sign_out", 0 0, L_000001de699f9d70;  1 drivers
S_000001de699672f0 .scope module, "mult" "stochastic_multiplier" 8 14, 4 1 0, S_000001de69a0e020;
 .timescale 0 0;
    .port_info 0 /INPUT 1 "a";
    .port_info 1 /INPUT 1 "b";
    .port_info 2 /OUTPUT 1 "y";
L_000001de699fa550 .functor AND 1, o000001de69a12cf8, o000001de69a12d28, C4<1>, C4<1>;
v000001de699ef8f0_0 .net "a", 0 0, o000001de69a12cf8;  alias, 0 drivers
v000001de699f0110_0 .net "b", 0 0, o000001de69a12d28;  alias, 0 drivers
v000001de699eff30_0 .net "y", 0 0, L_000001de699fa550;  alias, 1 drivers
S_000001de699633f0 .scope module, "sign_logic" "sign_xor" 8 20, 9 1 0, S_000001de69a0e020;
 .timescale 0 0;
    .port_info 0 /INPUT 1 "sign_a";
    .port_info 1 /INPUT 1 "sign_b";
    .port_info 2 /OUTPUT 1 "sign_out";
L_000001de699f9d70 .functor XOR 1, o000001de69a12e18, o000001de69a12e48, C4<0>, C4<0>;
v000001de699effd0_0 .net "sign_a", 0 0, o000001de69a12e18;  alias, 0 drivers
v000001de699efc10_0 .net "sign_b", 0 0, o000001de69a12e48;  alias, 0 drivers
v000001de699f01b0_0 .net "sign_out", 0 0, L_000001de699f9d70;  alias, 1 drivers
S_000001de69a0e1b0 .scope module, "tb_stochastic_matrix_multiply" "tb_stochastic_matrix_multiply" 10 3;
 .timescale -9 -12;
v000001de69a74430_0 .var "a11", 7 0;
v000001de69a750b0_0 .var "a12", 7 0;
v000001de69a74d90_0 .var "a21", 7 0;
v000001de69a744d0_0 .var "a22", 7 0;
v000001de69a76b90_0 .var "b11", 7 0;
v000001de69a77270_0 .var "b12", 7 0;
v000001de69a77e50_0 .var "b21", 7 0;
v000001de69a77770_0 .var "b22", 7 0;
v000001de69a76d70_0 .net "c11", 15 0, v000001de69a62940_0;  1 drivers
v000001de69a779f0_0 .net "c12", 15 0, v000001de69a69050_0;  1 drivers
v000001de69a77450_0 .net "c21", 15 0, v000001de69a727d0_0;  1 drivers
v000001de69a77810_0 .net "c22", 15 0, v000001de69a765f0_0;  1 drivers
v000001de69a78030_0 .var "clk", 0 0;
v000001de69a77310_0 .var "reset", 0 0;
S_000001de69a614d0 .scope module, "uut" "stochastic_matrix_multiply" 10 13, 11 1 0, S_000001de69a0e1b0;
 .timescale 0 0;
    .port_info 0 /INPUT 1 "clk";
    .port_info 1 /INPUT 1 "reset";
    .port_info 2 /INPUT 8 "a11";
    .port_info 3 /INPUT 8 "a12";
    .port_info 4 /INPUT 8 "a21";
    .port_info 5 /INPUT 8 "a22";
    .port_info 6 /INPUT 8 "b11";
    .port_info 7 /INPUT 8 "b12";
    .port_info 8 /INPUT 8 "b21";
    .port_info 9 /INPUT 8 "b22";
    .port_info 10 /OUTPUT 16 "c11";
    .port_info 11 /OUTPUT 16 "c12";
    .port_info 12 /OUTPUT 16 "c21";
    .port_info 13 /OUTPUT 16 "c22";
v000001de69a74930_0 .net "a11", 7 0, v000001de69a74430_0;  1 drivers
v000001de69a76730_0 .net "a12", 7 0, v000001de69a750b0_0;  1 drivers
v000001de69a74b10_0 .net "a21", 7 0, v000001de69a74d90_0;  1 drivers
v000001de69a75dd0_0 .net "a22", 7 0, v000001de69a744d0_0;  1 drivers
v000001de69a762d0_0 .net "b11", 7 0, v000001de69a76b90_0;  1 drivers
v000001de69a74bb0_0 .net "b12", 7 0, v000001de69a77270_0;  1 drivers
v000001de69a76370_0 .net "b21", 7 0, v000001de69a77e50_0;  1 drivers
v000001de69a74e30_0 .net "b22", 7 0, v000001de69a77770_0;  1 drivers
v000001de69a74cf0_0 .net "c11", 15 0, v000001de69a62940_0;  alias, 1 drivers
v000001de69a767d0_0 .net "c12", 15 0, v000001de69a69050_0;  alias, 1 drivers
v000001de69a76410_0 .net "c21", 15 0, v000001de69a727d0_0;  alias, 1 drivers
v000001de69a769b0_0 .net "c22", 15 0, v000001de69a765f0_0;  alias, 1 drivers
v000001de69a74250_0 .net "clk", 0 0, v000001de69a78030_0;  1 drivers
v000001de69a74390_0 .net "reset", 0 0, v000001de69a77310_0;  1 drivers
S_000001de69a611b0 .scope module, "dp11" "stochastic_vector_dot_product" 11 19, 12 1 0, S_000001de69a614d0;
 .timescale 0 0;
    .port_info 0 /INPUT 1 "clk";
    .port_info 1 /INPUT 1 "reset";
    .port_info 2 /INPUT 8 "a1_mag";
    .port_info 3 /INPUT 8 "a2_mag";
    .port_info 4 /INPUT 8 "a3_mag";
    .port_info 5 /INPUT 8 "a4_mag";
    .port_info 6 /INPUT 8 "b1_mag";
    .port_info 7 /INPUT 8 "b2_mag";
    .port_info 8 /INPUT 8 "b3_mag";
    .port_info 9 /INPUT 8 "b4_mag";
    .port_info 10 /OUTPUT 16 "result";
v000001de69a633e0_0 .net "a1", 0 0, L_000001de69a7dbf0;  1 drivers
v000001de69a63fc0_0 .net "a1_mag", 7 0, v000001de69a74430_0;  alias, 1 drivers
v000001de69a64060_0 .net "a2", 0 0, L_000001de69a7dc90;  1 drivers
v000001de69a63b60_0 .net "a2_mag", 7 0, v000001de69a750b0_0;  alias, 1 drivers
v000001de69a62440_0 .net "a3", 0 0, L_000001de69a7d830;  1 drivers
L_000001de69a7e468 .functor BUFT 1, C4<00000000>, C4<0>, C4<0>, C4<0>;
v000001de69a63980_0 .net "a3_mag", 7 0, L_000001de69a7e468;  1 drivers
v000001de69a63480_0 .net "a4", 0 0, L_000001de69a7cd90;  1 drivers
L_000001de69a7e4b0 .functor BUFT 1, C4<00000000>, C4<0>, C4<0>, C4<0>;
v000001de69a63700_0 .net "a4_mag", 7 0, L_000001de69a7e4b0;  1 drivers
v000001de69a624e0_0 .net "b1", 0 0, L_000001de69a7d150;  1 drivers
v000001de69a62580_0 .net "b1_mag", 7 0, v000001de69a76b90_0;  alias, 1 drivers
v000001de69a63660_0 .net "b2", 0 0, L_000001de69a7d5b0;  1 drivers
v000001de69a62620_0 .net "b2_mag", 7 0, v000001de69a77e50_0;  alias, 1 drivers
v000001de69a63840_0 .net "b3", 0 0, L_000001de69a7d010;  1 drivers
L_000001de69a7e4f8 .functor BUFT 1, C4<00000000>, C4<0>, C4<0>, C4<0>;
v000001de69a62c60_0 .net "b3_mag", 7 0, L_000001de69a7e4f8;  1 drivers
v000001de69a638e0_0 .net "b4", 0 0, L_000001de69a7d8d0;  1 drivers
L_000001de69a7e540 .functor BUFT 1, C4<00000000>, C4<0>, C4<0>, C4<0>;
v000001de69a626c0_0 .net "b4_mag", 7 0, L_000001de69a7e540;  1 drivers
v000001de69a62760_0 .net "clk", 0 0, v000001de69a78030_0;  alias, 1 drivers
v000001de69a62800_0 .net "m1", 0 0, L_000001de699f9ec0;  1 drivers
v000001de69a62a80_0 .net "m2", 0 0, L_000001de699f9c20;  1 drivers
v000001de69a63c00_0 .net "m3", 0 0, L_000001de699fa010;  1 drivers
v000001de69a63a20_0 .net "m4", 0 0, L_000001de699fa0f0;  1 drivers
v000001de69a628a0_0 .net "reset", 0 0, v000001de69a77310_0;  alias, 1 drivers
v000001de69a62940_0 .var "result", 15 0;
v000001de69a62d00_0 .var "warmup", 7 0;
S_000001de69a617f0 .scope module, "A1" "stochastic_bitstream" 12 25, 13 1 0, S_000001de69a611b0;
 .timescale 0 0;
    .port_info 0 /INPUT 1 "clk";
    .port_info 1 /INPUT 1 "reset";
    .port_info 2 /INPUT 8 "magnitude";
    .port_info 3 /INPUT 8 "seed";
    .port_info 4 /OUTPUT 1 "bit_out";
v000001de699ef530_0 .net "bit_out", 0 0, L_000001de69a7dbf0;  alias, 1 drivers
v000001de699d9df0_0 .net "clk", 0 0, v000001de69a78030_0;  alias, 1 drivers
v000001de699d9490_0 .net "magnitude", 7 0, v000001de69a74430_0;  alias, 1 drivers
v000001de699da250_0 .net "reset", 0 0, v000001de69a77310_0;  alias, 1 drivers
v000001de699d9fd0_0 .var "rnd", 7 0;
L_000001de69a7e228 .functor BUFT 1, C4<00000001>, C4<0>, C4<0>, C4<0>;
v000001de699d9cb0_0 .net "seed", 7 0, L_000001de69a7e228;  1 drivers
E_000001de699fdb20 .event posedge, v000001de699da250_0, v000001de699d9df0_0;
L_000001de69a7dbf0 .cmp/gt 8, v000001de69a74430_0, v000001de699d9fd0_0;
S_000001de69a61ca0 .scope module, "A2" "stochastic_bitstream" 12 26, 13 1 0, S_000001de69a611b0;
 .timescale 0 0;
    .port_info 0 /INPUT 1 "clk";
    .port_info 1 /INPUT 1 "reset";
    .port_info 2 /INPUT 8 "magnitude";
    .port_info 3 /INPUT 8 "seed";
    .port_info 4 /OUTPUT 1 "bit_out";
v000001de699da610_0 .net "bit_out", 0 0, L_000001de69a7dc90;  alias, 1 drivers
v000001de699d98f0_0 .net "clk", 0 0, v000001de69a78030_0;  alias, 1 drivers
v000001de699d95d0_0 .net "magnitude", 7 0, v000001de69a750b0_0;  alias, 1 drivers
v000001de699d9210_0 .net "reset", 0 0, v000001de69a77310_0;  alias, 1 drivers
v000001de699d9ad0_0 .var "rnd", 7 0;
L_000001de69a7e270 .functor BUFT 1, C4<00000111>, C4<0>, C4<0>, C4<0>;
v000001de699d9e90_0 .net "seed", 7 0, L_000001de69a7e270;  1 drivers
L_000001de69a7dc90 .cmp/gt 8, v000001de69a750b0_0, v000001de699d9ad0_0;
S_000001de69a61980 .scope module, "A3" "stochastic_bitstream" 12 27, 13 1 0, S_000001de69a611b0;
 .timescale 0 0;
    .port_info 0 /INPUT 1 "clk";
    .port_info 1 /INPUT 1 "reset";
    .port_info 2 /INPUT 8 "magnitude";
    .port_info 3 /INPUT 8 "seed";
    .port_info 4 /OUTPUT 1 "bit_out";
v000001de699da2f0_0 .net "bit_out", 0 0, L_000001de69a7d830;  alias, 1 drivers
v000001de699da390_0 .net "clk", 0 0, v000001de69a78030_0;  alias, 1 drivers
v000001de699da430_0 .net "magnitude", 7 0, L_000001de69a7e468;  alias, 1 drivers
v000001de699da570_0 .net "reset", 0 0, v000001de69a77310_0;  alias, 1 drivers
v000001de699d88b0_0 .var "rnd", 7 0;
L_000001de69a7e2b8 .functor BUFT 1, C4<00001101>, C4<0>, C4<0>, C4<0>;
v000001de699d8e50_0 .net "seed", 7 0, L_000001de69a7e2b8;  1 drivers
L_000001de69a7d830 .cmp/gt 8, L_000001de69a7e468, v000001de699d88b0_0;
S_000001de69a61b10 .scope module, "A4" "stochastic_bitstream" 12 28, 13 1 0, S_000001de69a611b0;
 .timescale 0 0;
    .port_info 0 /INPUT 1 "clk";
    .port_info 1 /INPUT 1 "reset";
    .port_info 2 /INPUT 8 "magnitude";
    .port_info 3 /INPUT 8 "seed";
    .port_info 4 /OUTPUT 1 "bit_out";
v000001de699d8950_0 .net "bit_out", 0 0, L_000001de69a7cd90;  alias, 1 drivers
v000001de699d8d10_0 .net "clk", 0 0, v000001de69a78030_0;  alias, 1 drivers
v000001de699d8a90_0 .net "magnitude", 7 0, L_000001de69a7e4b0;  alias, 1 drivers
v000001de699d93f0_0 .net "reset", 0 0, v000001de69a77310_0;  alias, 1 drivers
v000001de699d8bd0_0 .var "rnd", 7 0;
L_000001de69a7e300 .functor BUFT 1, C4<00010011>, C4<0>, C4<0>, C4<0>;
v000001de699d8ef0_0 .net "seed", 7 0, L_000001de69a7e300;  1 drivers
L_000001de69a7cd90 .cmp/gt 8, L_000001de69a7e4b0, v000001de699d8bd0_0;
S_000001de69a61340 .scope module, "B1" "stochastic_bitstream" 12 30, 13 1 0, S_000001de69a611b0;
 .timescale 0 0;
    .port_info 0 /INPUT 1 "clk";
    .port_info 1 /INPUT 1 "reset";
    .port_info 2 /INPUT 8 "magnitude";
    .port_info 3 /INPUT 8 "seed";
    .port_info 4 /OUTPUT 1 "bit_out";
v000001de699d9170_0 .net "bit_out", 0 0, L_000001de69a7d150;  alias, 1 drivers
v000001de699d9350_0 .net "clk", 0 0, v000001de69a78030_0;  alias, 1 drivers
v000001de699d0ed0_0 .net "magnitude", 7 0, v000001de69a76b90_0;  alias, 1 drivers
v000001de699d1330_0 .net "reset", 0 0, v000001de69a77310_0;  alias, 1 drivers
v000001de699d0a70_0 .var "rnd", 7 0;
L_000001de69a7e348 .functor BUFT 1, C4<00010111>, C4<0>, C4<0>, C4<0>;
v000001de699d10b0_0 .net "seed", 7 0, L_000001de69a7e348;  1 drivers
L_000001de69a7d150 .cmp/gt 8, v000001de69a76b90_0, v000001de699d0a70_0;
S_000001de69a61660 .scope module, "B2" "stochastic_bitstream" 12 31, 13 1 0, S_000001de69a611b0;
 .timescale 0 0;
    .port_info 0 /INPUT 1 "clk";
    .port_info 1 /INPUT 1 "reset";
    .port_info 2 /INPUT 8 "magnitude";
    .port_info 3 /INPUT 8 "seed";
    .port_info 4 /OUTPUT 1 "bit_out";
v000001de699d0b10_0 .net "bit_out", 0 0, L_000001de69a7d5b0;  alias, 1 drivers
v000001de699d0f70_0 .net "clk", 0 0, v000001de69a78030_0;  alias, 1 drivers
v000001de699d1010_0 .net "magnitude", 7 0, v000001de69a77e50_0;  alias, 1 drivers
v000001de699d0890_0 .net "reset", 0 0, v000001de69a77310_0;  alias, 1 drivers
v000001de699d1150_0 .var "rnd", 7 0;
L_000001de69a7e390 .functor BUFT 1, C4<00011101>, C4<0>, C4<0>, C4<0>;
v000001de699d11f0_0 .net "seed", 7 0, L_000001de69a7e390;  1 drivers
L_000001de69a7d5b0 .cmp/gt 8, v000001de69a77e50_0, v000001de699d1150_0;
S_000001de69a61e30 .scope module, "B3" "stochastic_bitstream" 12 32, 13 1 0, S_000001de69a611b0;
 .timescale 0 0;
    .port_info 0 /INPUT 1 "clk";
    .port_info 1 /INPUT 1 "reset";
    .port_info 2 /INPUT 8 "magnitude";
    .port_info 3 /INPUT 8 "seed";
    .port_info 4 /OUTPUT 1 "bit_out";
v000001de699d0570_0 .net "bit_out", 0 0, L_000001de69a7d010;  alias, 1 drivers
v000001de699d06b0_0 .net "clk", 0 0, v000001de69a78030_0;  alias, 1 drivers
v000001de699d0750_0 .net "magnitude", 7 0, L_000001de69a7e4f8;  alias, 1 drivers
v000001de699d0930_0 .net "reset", 0 0, v000001de69a77310_0;  alias, 1 drivers
v000001de69a62ee0_0 .var "rnd", 7 0;
L_000001de69a7e3d8 .functor BUFT 1, C4<00011111>, C4<0>, C4<0>, C4<0>;
v000001de69a62f80_0 .net "seed", 7 0, L_000001de69a7e3d8;  1 drivers
L_000001de69a7d010 .cmp/gt 8, L_000001de69a7e4f8, v000001de69a62ee0_0;
S_000001de69a61fc0 .scope module, "B4" "stochastic_bitstream" 12 33, 13 1 0, S_000001de69a611b0;
 .timescale 0 0;
    .port_info 0 /INPUT 1 "clk";
    .port_info 1 /INPUT 1 "reset";
    .port_info 2 /INPUT 8 "magnitude";
    .port_info 3 /INPUT 8 "seed";
    .port_info 4 /OUTPUT 1 "bit_out";
v000001de69a63160_0 .net "bit_out", 0 0, L_000001de69a7d8d0;  alias, 1 drivers
v000001de69a63ca0_0 .net "clk", 0 0, v000001de69a78030_0;  alias, 1 drivers
v000001de69a63020_0 .net "magnitude", 7 0, L_000001de69a7e540;  alias, 1 drivers
v000001de69a630c0_0 .net "reset", 0 0, v000001de69a77310_0;  alias, 1 drivers
v000001de69a63de0_0 .var "rnd", 7 0;
L_000001de69a7e420 .functor BUFT 1, C4<00100101>, C4<0>, C4<0>, C4<0>;
v000001de69a63ac0_0 .net "seed", 7 0, L_000001de69a7e420;  1 drivers
L_000001de69a7d8d0 .cmp/gt 8, L_000001de69a7e540, v000001de69a63de0_0;
S_000001de69a64360 .scope module, "M1" "stochastic_multiplier" 12 37, 4 1 0, S_000001de69a611b0;
 .timescale 0 0;
    .port_info 0 /INPUT 1 "a";
    .port_info 1 /INPUT 1 "b";
    .port_info 2 /OUTPUT 1 "y";
L_000001de699f9ec0 .functor AND 1, L_000001de69a7dbf0, L_000001de69a7d150, C4<1>, C4<1>;
v000001de69a63e80_0 .net "a", 0 0, L_000001de69a7dbf0;  alias, 1 drivers
v000001de69a62300_0 .net "b", 0 0, L_000001de69a7d150;  alias, 1 drivers
v000001de69a621c0_0 .net "y", 0 0, L_000001de699f9ec0;  alias, 1 drivers
S_000001de69a65170 .scope module, "M2" "stochastic_multiplier" 12 38, 4 1 0, S_000001de69a611b0;
 .timescale 0 0;
    .port_info 0 /INPUT 1 "a";
    .port_info 1 /INPUT 1 "b";
    .port_info 2 /OUTPUT 1 "y";
L_000001de699f9c20 .functor AND 1, L_000001de69a7dc90, L_000001de69a7d5b0, C4<1>, C4<1>;
v000001de69a635c0_0 .net "a", 0 0, L_000001de69a7dc90;  alias, 1 drivers
v000001de69a637a0_0 .net "b", 0 0, L_000001de69a7d5b0;  alias, 1 drivers
v000001de69a63520_0 .net "y", 0 0, L_000001de699f9c20;  alias, 1 drivers
S_000001de69a65ad0 .scope module, "M3" "stochastic_multiplier" 12 39, 4 1 0, S_000001de69a611b0;
 .timescale 0 0;
    .port_info 0 /INPUT 1 "a";
    .port_info 1 /INPUT 1 "b";
    .port_info 2 /OUTPUT 1 "y";
L_000001de699fa010 .functor AND 1, L_000001de69a7d830, L_000001de69a7d010, C4<1>, C4<1>;
v000001de69a62260_0 .net "a", 0 0, L_000001de69a7d830;  alias, 1 drivers
v000001de69a632a0_0 .net "b", 0 0, L_000001de69a7d010;  alias, 1 drivers
v000001de69a623a0_0 .net "y", 0 0, L_000001de699fa010;  alias, 1 drivers
S_000001de69a64810 .scope module, "M4" "stochastic_multiplier" 12 40, 4 1 0, S_000001de69a611b0;
 .timescale 0 0;
    .port_info 0 /INPUT 1 "a";
    .port_info 1 /INPUT 1 "b";
    .port_info 2 /OUTPUT 1 "y";
L_000001de699fa0f0 .functor AND 1, L_000001de69a7cd90, L_000001de69a7d8d0, C4<1>, C4<1>;
v000001de69a63f20_0 .net "a", 0 0, L_000001de69a7cd90;  alias, 1 drivers
v000001de69a62bc0_0 .net "b", 0 0, L_000001de69a7d8d0;  alias, 1 drivers
v000001de69a63340_0 .net "y", 0 0, L_000001de699fa0f0;  alias, 1 drivers
S_000001de69a644f0 .scope module, "dp12" "stochastic_vector_dot_product" 11 26, 12 1 0, S_000001de69a614d0;
 .timescale 0 0;
    .port_info 0 /INPUT 1 "clk";
    .port_info 1 /INPUT 1 "reset";
    .port_info 2 /INPUT 8 "a1_mag";
    .port_info 3 /INPUT 8 "a2_mag";
    .port_info 4 /INPUT 8 "a3_mag";
    .port_info 5 /INPUT 8 "a4_mag";
    .port_info 6 /INPUT 8 "b1_mag";
    .port_info 7 /INPUT 8 "b2_mag";
    .port_info 8 /INPUT 8 "b3_mag";
    .port_info 9 /INPUT 8 "b4_mag";
    .port_info 10 /OUTPUT 16 "result";
v000001de69a68970_0 .net "a1", 0 0, L_000001de69a7ce30;  1 drivers
v000001de69a68290_0 .net "a1_mag", 7 0, v000001de69a74430_0;  alias, 1 drivers
v000001de69a68790_0 .net "a2", 0 0, L_000001de69a7d3d0;  1 drivers
v000001de69a69910_0 .net "a2_mag", 7 0, v000001de69a750b0_0;  alias, 1 drivers
v000001de69a68c90_0 .net "a3", 0 0, L_000001de69a7d970;  1 drivers
L_000001de69a7e7c8 .functor BUFT 1, C4<00000000>, C4<0>, C4<0>, C4<0>;
v000001de69a68f10_0 .net "a3_mag", 7 0, L_000001de69a7e7c8;  1 drivers
v000001de69a686f0_0 .net "a4", 0 0, L_000001de69a7d510;  1 drivers
L_000001de69a7e810 .functor BUFT 1, C4<00000000>, C4<0>, C4<0>, C4<0>;
v000001de69a68fb0_0 .net "a4_mag", 7 0, L_000001de69a7e810;  1 drivers
v000001de69a69ff0_0 .net "b1", 0 0, L_000001de69a7ddd0;  1 drivers
v000001de69a6a090_0 .net "b1_mag", 7 0, v000001de69a77270_0;  alias, 1 drivers
v000001de69a69230_0 .net "b2", 0 0, L_000001de69a7e0f0;  1 drivers
v000001de69a68e70_0 .net "b2_mag", 7 0, v000001de69a77770_0;  alias, 1 drivers
v000001de69a69c30_0 .net "b3", 0 0, L_000001de69a7d650;  1 drivers
L_000001de69a7e858 .functor BUFT 1, C4<00000000>, C4<0>, C4<0>, C4<0>;
v000001de69a68d30_0 .net "b3_mag", 7 0, L_000001de69a7e858;  1 drivers
v000001de69a68330_0 .net "b4", 0 0, L_000001de69a7df10;  1 drivers
L_000001de69a7e8a0 .functor BUFT 1, C4<00000000>, C4<0>, C4<0>, C4<0>;
v000001de69a69eb0_0 .net "b4_mag", 7 0, L_000001de69a7e8a0;  1 drivers
v000001de69a68830_0 .net "clk", 0 0, v000001de69a78030_0;  alias, 1 drivers
v000001de69a68b50_0 .net "m1", 0 0, L_000001de699f9de0;  1 drivers
v000001de69a683d0_0 .net "m2", 0 0, L_000001de699fa1d0;  1 drivers
v000001de69a68470_0 .net "m3", 0 0, L_000001de699fa780;  1 drivers
v000001de69a69e10_0 .net "m4", 0 0, L_000001de699f9910;  1 drivers
v000001de69a68a10_0 .net "reset", 0 0, v000001de69a77310_0;  alias, 1 drivers
v000001de69a69050_0 .var "result", 15 0;
v000001de69a694b0_0 .var "warmup", 7 0;
S_000001de69a65620 .scope module, "A1" "stochastic_bitstream" 12 25, 13 1 0, S_000001de69a644f0;
 .timescale 0 0;
    .port_info 0 /INPUT 1 "clk";
    .port_info 1 /INPUT 1 "reset";
    .port_info 2 /INPUT 8 "magnitude";
    .port_info 3 /INPUT 8 "seed";
    .port_info 4 /OUTPUT 1 "bit_out";
v000001de69a63d40_0 .net "bit_out", 0 0, L_000001de69a7ce30;  alias, 1 drivers
v000001de69a62da0_0 .net "clk", 0 0, v000001de69a78030_0;  alias, 1 drivers
v000001de69a62e40_0 .net "magnitude", 7 0, v000001de69a74430_0;  alias, 1 drivers
v000001de69a629e0_0 .net "reset", 0 0, v000001de69a77310_0;  alias, 1 drivers
v000001de69a62b20_0 .var "rnd", 7 0;
L_000001de69a7e588 .functor BUFT 1, C4<00000001>, C4<0>, C4<0>, C4<0>;
v000001de69a63200_0 .net "seed", 7 0, L_000001de69a7e588;  1 drivers
L_000001de69a7ce30 .cmp/gt 8, v000001de69a74430_0, v000001de69a62b20_0;
S_000001de69a65f80 .scope module, "A2" "stochastic_bitstream" 12 26, 13 1 0, S_000001de69a644f0;
 .timescale 0 0;
    .port_info 0 /INPUT 1 "clk";
    .port_info 1 /INPUT 1 "reset";
    .port_info 2 /INPUT 8 "magnitude";
    .port_info 3 /INPUT 8 "seed";
    .port_info 4 /OUTPUT 1 "bit_out";
v000001de69a672c0_0 .net "bit_out", 0 0, L_000001de69a7d3d0;  alias, 1 drivers
v000001de69a670e0_0 .net "clk", 0 0, v000001de69a78030_0;  alias, 1 drivers
v000001de69a67f40_0 .net "magnitude", 7 0, v000001de69a750b0_0;  alias, 1 drivers
v000001de69a66d20_0 .net "reset", 0 0, v000001de69a77310_0;  alias, 1 drivers
v000001de69a67680_0 .var "rnd", 7 0;
L_000001de69a7e5d0 .functor BUFT 1, C4<00000111>, C4<0>, C4<0>, C4<0>;
v000001de69a67180_0 .net "seed", 7 0, L_000001de69a7e5d0;  1 drivers
L_000001de69a7d3d0 .cmp/gt 8, v000001de69a750b0_0, v000001de69a67680_0;
S_000001de69a64680 .scope module, "A3" "stochastic_bitstream" 12 27, 13 1 0, S_000001de69a644f0;
 .timescale 0 0;
    .port_info 0 /INPUT 1 "clk";
    .port_info 1 /INPUT 1 "reset";
    .port_info 2 /INPUT 8 "magnitude";
    .port_info 3 /INPUT 8 "seed";
    .port_info 4 /OUTPUT 1 "bit_out";
v000001de69a663c0_0 .net "bit_out", 0 0, L_000001de69a7d970;  alias, 1 drivers
v000001de69a66dc0_0 .net "clk", 0 0, v000001de69a78030_0;  alias, 1 drivers
v000001de69a67cc0_0 .net "magnitude", 7 0, L_000001de69a7e7c8;  alias, 1 drivers
v000001de69a66640_0 .net "reset", 0 0, v000001de69a77310_0;  alias, 1 drivers
v000001de69a66e60_0 .var "rnd", 7 0;
L_000001de69a7e618 .functor BUFT 1, C4<00001101>, C4<0>, C4<0>, C4<0>;
v000001de69a66f00_0 .net "seed", 7 0, L_000001de69a7e618;  1 drivers
L_000001de69a7d970 .cmp/gt 8, L_000001de69a7e7c8, v000001de69a66e60_0;
S_000001de69a64cc0 .scope module, "A4" "stochastic_bitstream" 12 28, 13 1 0, S_000001de69a644f0;
 .timescale 0 0;
    .port_info 0 /INPUT 1 "clk";
    .port_info 1 /INPUT 1 "reset";
    .port_info 2 /INPUT 8 "magnitude";
    .port_info 3 /INPUT 8 "seed";
    .port_info 4 /OUTPUT 1 "bit_out";
v000001de69a66fa0_0 .net "bit_out", 0 0, L_000001de69a7d510;  alias, 1 drivers
v000001de69a66aa0_0 .net "clk", 0 0, v000001de69a78030_0;  alias, 1 drivers
v000001de69a67040_0 .net "magnitude", 7 0, L_000001de69a7e810;  alias, 1 drivers
v000001de69a67540_0 .net "reset", 0 0, v000001de69a77310_0;  alias, 1 drivers
v000001de69a67220_0 .var "rnd", 7 0;
L_000001de69a7e660 .functor BUFT 1, C4<00010011>, C4<0>, C4<0>, C4<0>;
v000001de69a67360_0 .net "seed", 7 0, L_000001de69a7e660;  1 drivers
L_000001de69a7d510 .cmp/gt 8, L_000001de69a7e810, v000001de69a67220_0;
S_000001de69a65300 .scope module, "B1" "stochastic_bitstream" 12 30, 13 1 0, S_000001de69a644f0;
 .timescale 0 0;
    .port_info 0 /INPUT 1 "clk";
    .port_info 1 /INPUT 1 "reset";
    .port_info 2 /INPUT 8 "magnitude";
    .port_info 3 /INPUT 8 "seed";
    .port_info 4 /OUTPUT 1 "bit_out";
v000001de69a67400_0 .net "bit_out", 0 0, L_000001de69a7ddd0;  alias, 1 drivers
v000001de69a66960_0 .net "clk", 0 0, v000001de69a78030_0;  alias, 1 drivers
v000001de69a67e00_0 .net "magnitude", 7 0, v000001de69a77270_0;  alias, 1 drivers
v000001de69a67ae0_0 .net "reset", 0 0, v000001de69a77310_0;  alias, 1 drivers
v000001de69a66b40_0 .var "rnd", 7 0;
L_000001de69a7e6a8 .functor BUFT 1, C4<00010111>, C4<0>, C4<0>, C4<0>;
v000001de69a68080_0 .net "seed", 7 0, L_000001de69a7e6a8;  1 drivers
L_000001de69a7ddd0 .cmp/gt 8, v000001de69a77270_0, v000001de69a66b40_0;
S_000001de69a65940 .scope module, "B2" "stochastic_bitstream" 12 31, 13 1 0, S_000001de69a644f0;
 .timescale 0 0;
    .port_info 0 /INPUT 1 "clk";
    .port_info 1 /INPUT 1 "reset";
    .port_info 2 /INPUT 8 "magnitude";
    .port_info 3 /INPUT 8 "seed";
    .port_info 4 /OUTPUT 1 "bit_out";
v000001de69a66320_0 .net "bit_out", 0 0, L_000001de69a7e0f0;  alias, 1 drivers
v000001de69a661e0_0 .net "clk", 0 0, v000001de69a78030_0;  alias, 1 drivers
v000001de69a675e0_0 .net "magnitude", 7 0, v000001de69a77770_0;  alias, 1 drivers
v000001de69a66a00_0 .net "reset", 0 0, v000001de69a77310_0;  alias, 1 drivers
v000001de69a674a0_0 .var "rnd", 7 0;
L_000001de69a7e6f0 .functor BUFT 1, C4<00011101>, C4<0>, C4<0>, C4<0>;
v000001de69a67720_0 .net "seed", 7 0, L_000001de69a7e6f0;  1 drivers
L_000001de69a7e0f0 .cmp/gt 8, v000001de69a77770_0, v000001de69a674a0_0;
S_000001de69a65df0 .scope module, "B3" "stochastic_bitstream" 12 32, 13 1 0, S_000001de69a644f0;
 .timescale 0 0;
    .port_info 0 /INPUT 1 "clk";
    .port_info 1 /INPUT 1 "reset";
    .port_info 2 /INPUT 8 "magnitude";
    .port_info 3 /INPUT 8 "seed";
    .port_info 4 /OUTPUT 1 "bit_out";
v000001de69a67c20_0 .net "bit_out", 0 0, L_000001de69a7d650;  alias, 1 drivers
v000001de69a66460_0 .net "clk", 0 0, v000001de69a78030_0;  alias, 1 drivers
v000001de69a677c0_0 .net "magnitude", 7 0, L_000001de69a7e858;  alias, 1 drivers
v000001de69a67860_0 .net "reset", 0 0, v000001de69a77310_0;  alias, 1 drivers
v000001de69a67fe0_0 .var "rnd", 7 0;
L_000001de69a7e738 .functor BUFT 1, C4<00011111>, C4<0>, C4<0>, C4<0>;
v000001de69a67b80_0 .net "seed", 7 0, L_000001de69a7e738;  1 drivers
L_000001de69a7d650 .cmp/gt 8, L_000001de69a7e858, v000001de69a67fe0_0;
S_000001de69a649a0 .scope module, "B4" "stochastic_bitstream" 12 33, 13 1 0, S_000001de69a644f0;
 .timescale 0 0;
    .port_info 0 /INPUT 1 "clk";
    .port_info 1 /INPUT 1 "reset";
    .port_info 2 /INPUT 8 "magnitude";
    .port_info 3 /INPUT 8 "seed";
    .port_info 4 /OUTPUT 1 "bit_out";
v000001de69a67900_0 .net "bit_out", 0 0, L_000001de69a7df10;  alias, 1 drivers
v000001de69a679a0_0 .net "clk", 0 0, v000001de69a78030_0;  alias, 1 drivers
v000001de69a67a40_0 .net "magnitude", 7 0, L_000001de69a7e8a0;  alias, 1 drivers
v000001de69a67d60_0 .net "reset", 0 0, v000001de69a77310_0;  alias, 1 drivers
v000001de69a67ea0_0 .var "rnd", 7 0;
L_000001de69a7e780 .functor BUFT 1, C4<00100101>, C4<0>, C4<0>, C4<0>;
v000001de69a66280_0 .net "seed", 7 0, L_000001de69a7e780;  1 drivers
L_000001de69a7df10 .cmp/gt 8, L_000001de69a7e8a0, v000001de69a67ea0_0;
S_000001de69a657b0 .scope module, "M1" "stochastic_multiplier" 12 37, 4 1 0, S_000001de69a644f0;
 .timescale 0 0;
    .port_info 0 /INPUT 1 "a";
    .port_info 1 /INPUT 1 "b";
    .port_info 2 /OUTPUT 1 "y";
L_000001de699f9de0 .functor AND 1, L_000001de69a7ce30, L_000001de69a7ddd0, C4<1>, C4<1>;
v000001de69a66500_0 .net "a", 0 0, L_000001de69a7ce30;  alias, 1 drivers
v000001de69a665a0_0 .net "b", 0 0, L_000001de69a7ddd0;  alias, 1 drivers
v000001de69a666e0_0 .net "y", 0 0, L_000001de699f9de0;  alias, 1 drivers
S_000001de69a65c60 .scope module, "M2" "stochastic_multiplier" 12 38, 4 1 0, S_000001de69a644f0;
 .timescale 0 0;
    .port_info 0 /INPUT 1 "a";
    .port_info 1 /INPUT 1 "b";
    .port_info 2 /OUTPUT 1 "y";
L_000001de699fa1d0 .functor AND 1, L_000001de69a7d3d0, L_000001de69a7e0f0, C4<1>, C4<1>;
v000001de69a66be0_0 .net "a", 0 0, L_000001de69a7d3d0;  alias, 1 drivers
v000001de69a66780_0 .net "b", 0 0, L_000001de69a7e0f0;  alias, 1 drivers
v000001de69a66c80_0 .net "y", 0 0, L_000001de699fa1d0;  alias, 1 drivers
S_000001de69a641d0 .scope module, "M3" "stochastic_multiplier" 12 39, 4 1 0, S_000001de69a644f0;
 .timescale 0 0;
    .port_info 0 /INPUT 1 "a";
    .port_info 1 /INPUT 1 "b";
    .port_info 2 /OUTPUT 1 "y";
L_000001de699fa780 .functor AND 1, L_000001de69a7d970, L_000001de69a7d650, C4<1>, C4<1>;
v000001de69a66820_0 .net "a", 0 0, L_000001de69a7d970;  alias, 1 drivers
v000001de69a668c0_0 .net "b", 0 0, L_000001de69a7d650;  alias, 1 drivers
v000001de69a681f0_0 .net "y", 0 0, L_000001de699fa780;  alias, 1 drivers
S_000001de69a64b30 .scope module, "M4" "stochastic_multiplier" 12 40, 4 1 0, S_000001de69a644f0;
 .timescale 0 0;
    .port_info 0 /INPUT 1 "a";
    .port_info 1 /INPUT 1 "b";
    .port_info 2 /OUTPUT 1 "y";
L_000001de699f9910 .functor AND 1, L_000001de69a7d510, L_000001de69a7df10, C4<1>, C4<1>;
v000001de69a688d0_0 .net "a", 0 0, L_000001de69a7d510;  alias, 1 drivers
v000001de69a685b0_0 .net "b", 0 0, L_000001de69a7df10;  alias, 1 drivers
v000001de69a69cd0_0 .net "y", 0 0, L_000001de699f9910;  alias, 1 drivers
S_000001de69a64e50 .scope module, "dp21" "stochastic_vector_dot_product" 11 33, 12 1 0, S_000001de69a614d0;
 .timescale 0 0;
    .port_info 0 /INPUT 1 "clk";
    .port_info 1 /INPUT 1 "reset";
    .port_info 2 /INPUT 8 "a1_mag";
    .port_info 3 /INPUT 8 "a2_mag";
    .port_info 4 /INPUT 8 "a3_mag";
    .port_info 5 /INPUT 8 "a4_mag";
    .port_info 6 /INPUT 8 "b1_mag";
    .port_info 7 /INPUT 8 "b2_mag";
    .port_info 8 /INPUT 8 "b3_mag";
    .port_info 9 /INPUT 8 "b4_mag";
    .port_info 10 /OUTPUT 16 "result";
v000001de69a6d2f0_0 .net "a1", 0 0, L_000001de69a7de70;  1 drivers
v000001de69a6d390_0 .net "a1_mag", 7 0, v000001de69a74d90_0;  alias, 1 drivers
v000001de69a6d430_0 .net "a2", 0 0, L_000001de69a7d290;  1 drivers
v000001de69a6d570_0 .net "a2_mag", 7 0, v000001de69a744d0_0;  alias, 1 drivers
v000001de69a6e0b0_0 .net "a3", 0 0, L_000001de69a7ccf0;  1 drivers
L_000001de69a7eb28 .functor BUFT 1, C4<00000000>, C4<0>, C4<0>, C4<0>;
v000001de69a6c490_0 .net "a3_mag", 7 0, L_000001de69a7eb28;  1 drivers
v000001de69a6d750_0 .net "a4", 0 0, L_000001de69a7da10;  1 drivers
L_000001de69a7eb70 .functor BUFT 1, C4<00000000>, C4<0>, C4<0>, C4<0>;
v000001de69a6c210_0 .net "a4_mag", 7 0, L_000001de69a7eb70;  1 drivers
v000001de69a6d9d0_0 .net "b1", 0 0, L_000001de69a7dab0;  1 drivers
v000001de69a6da70_0 .net "b1_mag", 7 0, v000001de69a76b90_0;  alias, 1 drivers
v000001de69a6c3f0_0 .net "b2", 0 0, L_000001de69a7cf70;  1 drivers
v000001de69a6e010_0 .net "b2_mag", 7 0, v000001de69a77e50_0;  alias, 1 drivers
v000001de69a736d0_0 .net "b3", 0 0, L_000001de69a7ca70;  1 drivers
L_000001de69a7ebb8 .functor BUFT 1, C4<00000000>, C4<0>, C4<0>, C4<0>;
v000001de69a725f0_0 .net "b3_mag", 7 0, L_000001de69a7ebb8;  1 drivers
v000001de69a73f90_0 .net "b4", 0 0, L_000001de69a7cb10;  1 drivers
L_000001de69a7ec00 .functor BUFT 1, C4<00000000>, C4<0>, C4<0>, C4<0>;
v000001de69a72690_0 .net "b4_mag", 7 0, L_000001de69a7ec00;  1 drivers
v000001de69a724b0_0 .net "clk", 0 0, v000001de69a78030_0;  alias, 1 drivers
v000001de69a734f0_0 .net "m1", 0 0, L_000001de699fa630;  1 drivers
v000001de69a73bd0_0 .net "m2", 0 0, L_000001de699f9fa0;  1 drivers
v000001de69a72a50_0 .net "m3", 0 0, L_000001de699f9f30;  1 drivers
v000001de69a731d0_0 .net "m4", 0 0, L_000001de699fa240;  1 drivers
v000001de69a73770_0 .net "reset", 0 0, v000001de69a77310_0;  alias, 1 drivers
v000001de69a727d0_0 .var "result", 15 0;
v000001de69a72f50_0 .var "warmup", 7 0;
S_000001de69a64fe0 .scope module, "A1" "stochastic_bitstream" 12 25, 13 1 0, S_000001de69a64e50;
 .timescale 0 0;
    .port_info 0 /INPUT 1 "clk";
    .port_info 1 /INPUT 1 "reset";
    .port_info 2 /INPUT 8 "magnitude";
    .port_info 3 /INPUT 8 "seed";
    .port_info 4 /OUTPUT 1 "bit_out";
v000001de69a68ab0_0 .net "bit_out", 0 0, L_000001de69a7de70;  alias, 1 drivers
v000001de69a69d70_0 .net "clk", 0 0, v000001de69a78030_0;  alias, 1 drivers
v000001de69a69a50_0 .net "magnitude", 7 0, v000001de69a74d90_0;  alias, 1 drivers
v000001de69a699b0_0 .net "reset", 0 0, v000001de69a77310_0;  alias, 1 drivers
v000001de69a69f50_0 .var "rnd", 7 0;
L_000001de69a7e8e8 .functor BUFT 1, C4<00000001>, C4<0>, C4<0>, C4<0>;
v000001de69a69550_0 .net "seed", 7 0, L_000001de69a7e8e8;  1 drivers
L_000001de69a7de70 .cmp/gt 8, v000001de69a74d90_0, v000001de69a69f50_0;
S_000001de69a65490 .scope module, "A2" "stochastic_bitstream" 12 26, 13 1 0, S_000001de69a64e50;
 .timescale 0 0;
    .port_info 0 /INPUT 1 "clk";
    .port_info 1 /INPUT 1 "reset";
    .port_info 2 /INPUT 8 "magnitude";
    .port_info 3 /INPUT 8 "seed";
    .port_info 4 /OUTPUT 1 "bit_out";
v000001de69a68510_0 .net "bit_out", 0 0, L_000001de69a7d290;  alias, 1 drivers
v000001de69a68650_0 .net "clk", 0 0, v000001de69a78030_0;  alias, 1 drivers
v000001de69a68bf0_0 .net "magnitude", 7 0, v000001de69a744d0_0;  alias, 1 drivers
v000001de69a68dd0_0 .net "reset", 0 0, v000001de69a77310_0;  alias, 1 drivers
v000001de69a69af0_0 .var "rnd", 7 0;
L_000001de69a7e930 .functor BUFT 1, C4<00000111>, C4<0>, C4<0>, C4<0>;
v000001de69a690f0_0 .net "seed", 7 0, L_000001de69a7e930;  1 drivers
L_000001de69a7d290 .cmp/gt 8, v000001de69a744d0_0, v000001de69a69af0_0;
S_000001de69a6b1a0 .scope module, "A3" "stochastic_bitstream" 12 27, 13 1 0, S_000001de69a64e50;
 .timescale 0 0;
    .port_info 0 /INPUT 1 "clk";
    .port_info 1 /INPUT 1 "reset";
    .port_info 2 /INPUT 8 "magnitude";
    .port_info 3 /INPUT 8 "seed";
    .port_info 4 /OUTPUT 1 "bit_out";
v000001de69a69190_0 .net "bit_out", 0 0, L_000001de69a7ccf0;  alias, 1 drivers
v000001de69a692d0_0 .net "clk", 0 0, v000001de69a78030_0;  alias, 1 drivers
v000001de69a69370_0 .net "magnitude", 7 0, L_000001de69a7eb28;  alias, 1 drivers
v000001de69a69b90_0 .net "reset", 0 0, v000001de69a77310_0;  alias, 1 drivers
v000001de69a69410_0 .var "rnd", 7 0;
L_000001de69a7e978 .functor BUFT 1, C4<00001101>, C4<0>, C4<0>, C4<0>;
v000001de69a695f0_0 .net "seed", 7 0, L_000001de69a7e978;  1 drivers
L_000001de69a7ccf0 .cmp/gt 8, L_000001de69a7eb28, v000001de69a69410_0;
S_000001de69a6bc90 .scope module, "A4" "stochastic_bitstream" 12 28, 13 1 0, S_000001de69a64e50;
 .timescale 0 0;
    .port_info 0 /INPUT 1 "clk";
    .port_info 1 /INPUT 1 "reset";
    .port_info 2 /INPUT 8 "magnitude";
    .port_info 3 /INPUT 8 "seed";
    .port_info 4 /OUTPUT 1 "bit_out";
v000001de69a69690_0 .net "bit_out", 0 0, L_000001de69a7da10;  alias, 1 drivers
v000001de69a69730_0 .net "clk", 0 0, v000001de69a78030_0;  alias, 1 drivers
v000001de69a697d0_0 .net "magnitude", 7 0, L_000001de69a7eb70;  alias, 1 drivers
v000001de69a69870_0 .net "reset", 0 0, v000001de69a77310_0;  alias, 1 drivers
v000001de69a6dcf0_0 .var "rnd", 7 0;
L_000001de69a7e9c0 .functor BUFT 1, C4<00010011>, C4<0>, C4<0>, C4<0>;
v000001de69a6d7f0_0 .net "seed", 7 0, L_000001de69a7e9c0;  1 drivers
L_000001de69a7da10 .cmp/gt 8, L_000001de69a7eb70, v000001de69a6dcf0_0;
S_000001de69a6b330 .scope module, "B1" "stochastic_bitstream" 12 30, 13 1 0, S_000001de69a64e50;
 .timescale 0 0;
    .port_info 0 /INPUT 1 "clk";
    .port_info 1 /INPUT 1 "reset";
    .port_info 2 /INPUT 8 "magnitude";
    .port_info 3 /INPUT 8 "seed";
    .port_info 4 /OUTPUT 1 "bit_out";
v000001de69a6c530_0 .net "bit_out", 0 0, L_000001de69a7dab0;  alias, 1 drivers
v000001de69a6dbb0_0 .net "clk", 0 0, v000001de69a78030_0;  alias, 1 drivers
v000001de69a6dc50_0 .net "magnitude", 7 0, v000001de69a76b90_0;  alias, 1 drivers
v000001de69a6c850_0 .net "reset", 0 0, v000001de69a77310_0;  alias, 1 drivers
v000001de69a6c350_0 .var "rnd", 7 0;
L_000001de69a7ea08 .functor BUFT 1, C4<00010111>, C4<0>, C4<0>, C4<0>;
v000001de69a6cd50_0 .net "seed", 7 0, L_000001de69a7ea08;  1 drivers
L_000001de69a7dab0 .cmp/gt 8, v000001de69a76b90_0, v000001de69a6c350_0;
S_000001de69a6a390 .scope module, "B2" "stochastic_bitstream" 12 31, 13 1 0, S_000001de69a64e50;
 .timescale 0 0;
    .port_info 0 /INPUT 1 "clk";
    .port_info 1 /INPUT 1 "reset";
    .port_info 2 /INPUT 8 "magnitude";
    .port_info 3 /INPUT 8 "seed";
    .port_info 4 /OUTPUT 1 "bit_out";
v000001de69a6c670_0 .net "bit_out", 0 0, L_000001de69a7cf70;  alias, 1 drivers
v000001de69a6d890_0 .net "clk", 0 0, v000001de69a78030_0;  alias, 1 drivers
v000001de69a6cb70_0 .net "magnitude", 7 0, v000001de69a77e50_0;  alias, 1 drivers
v000001de69a6c7b0_0 .net "reset", 0 0, v000001de69a77310_0;  alias, 1 drivers
v000001de69a6d110_0 .var "rnd", 7 0;
L_000001de69a7ea50 .functor BUFT 1, C4<00011101>, C4<0>, C4<0>, C4<0>;
v000001de69a6c990_0 .net "seed", 7 0, L_000001de69a7ea50;  1 drivers
L_000001de69a7cf70 .cmp/gt 8, v000001de69a77e50_0, v000001de69a6d110_0;
S_000001de69a6b970 .scope module, "B3" "stochastic_bitstream" 12 32, 13 1 0, S_000001de69a64e50;
 .timescale 0 0;
    .port_info 0 /INPUT 1 "clk";
    .port_info 1 /INPUT 1 "reset";
    .port_info 2 /INPUT 8 "magnitude";
    .port_info 3 /INPUT 8 "seed";
    .port_info 4 /OUTPUT 1 "bit_out";
v000001de69a6df70_0 .net "bit_out", 0 0, L_000001de69a7ca70;  alias, 1 drivers
v000001de69a6c710_0 .net "clk", 0 0, v000001de69a78030_0;  alias, 1 drivers
v000001de69a6d6b0_0 .net "magnitude", 7 0, L_000001de69a7ebb8;  alias, 1 drivers
v000001de69a6d1b0_0 .net "reset", 0 0, v000001de69a77310_0;  alias, 1 drivers
v000001de69a6cfd0_0 .var "rnd", 7 0;
L_000001de69a7ea98 .functor BUFT 1, C4<00011111>, C4<0>, C4<0>, C4<0>;
v000001de69a6d930_0 .net "seed", 7 0, L_000001de69a7ea98;  1 drivers
L_000001de69a7ca70 .cmp/gt 8, L_000001de69a7ebb8, v000001de69a6cfd0_0;
S_000001de69a6a9d0 .scope module, "B4" "stochastic_bitstream" 12 33, 13 1 0, S_000001de69a64e50;
 .timescale 0 0;
    .port_info 0 /INPUT 1 "clk";
    .port_info 1 /INPUT 1 "reset";
    .port_info 2 /INPUT 8 "magnitude";
    .port_info 3 /INPUT 8 "seed";
    .port_info 4 /OUTPUT 1 "bit_out";
v000001de69a6dd90_0 .net "bit_out", 0 0, L_000001de69a7cb10;  alias, 1 drivers
v000001de69a6d4d0_0 .net "clk", 0 0, v000001de69a78030_0;  alias, 1 drivers
v000001de69a6de30_0 .net "magnitude", 7 0, L_000001de69a7ec00;  alias, 1 drivers
v000001de69a6c8f0_0 .net "reset", 0 0, v000001de69a77310_0;  alias, 1 drivers
v000001de69a6ca30_0 .var "rnd", 7 0;
L_000001de69a7eae0 .functor BUFT 1, C4<00100101>, C4<0>, C4<0>, C4<0>;
v000001de69a6ccb0_0 .net "seed", 7 0, L_000001de69a7eae0;  1 drivers
L_000001de69a7cb10 .cmp/gt 8, L_000001de69a7ec00, v000001de69a6ca30_0;
S_000001de69a6acf0 .scope module, "M1" "stochastic_multiplier" 12 37, 4 1 0, S_000001de69a64e50;
 .timescale 0 0;
    .port_info 0 /INPUT 1 "a";
    .port_info 1 /INPUT 1 "b";
    .port_info 2 /OUTPUT 1 "y";
L_000001de699fa630 .functor AND 1, L_000001de69a7de70, L_000001de69a7dab0, C4<1>, C4<1>;
v000001de69a6cc10_0 .net "a", 0 0, L_000001de69a7de70;  alias, 1 drivers
v000001de69a6c5d0_0 .net "b", 0 0, L_000001de69a7dab0;  alias, 1 drivers
v000001de69a6d610_0 .net "y", 0 0, L_000001de699fa630;  alias, 1 drivers
S_000001de69a6be20 .scope module, "M2" "stochastic_multiplier" 12 38, 4 1 0, S_000001de69a64e50;
 .timescale 0 0;
    .port_info 0 /INPUT 1 "a";
    .port_info 1 /INPUT 1 "b";
    .port_info 2 /OUTPUT 1 "y";
L_000001de699f9fa0 .functor AND 1, L_000001de69a7d290, L_000001de69a7cf70, C4<1>, C4<1>;
v000001de69a6cad0_0 .net "a", 0 0, L_000001de69a7d290;  alias, 1 drivers
v000001de69a6c2b0_0 .net "b", 0 0, L_000001de69a7cf70;  alias, 1 drivers
v000001de69a6d250_0 .net "y", 0 0, L_000001de699f9fa0;  alias, 1 drivers
S_000001de69a6bfb0 .scope module, "M3" "stochastic_multiplier" 12 39, 4 1 0, S_000001de69a64e50;
 .timescale 0 0;
    .port_info 0 /INPUT 1 "a";
    .port_info 1 /INPUT 1 "b";
    .port_info 2 /OUTPUT 1 "y";
L_000001de699f9f30 .functor AND 1, L_000001de69a7ccf0, L_000001de69a7ca70, C4<1>, C4<1>;
v000001de69a6cdf0_0 .net "a", 0 0, L_000001de69a7ccf0;  alias, 1 drivers
v000001de69a6ce90_0 .net "b", 0 0, L_000001de69a7ca70;  alias, 1 drivers
v000001de69a6cf30_0 .net "y", 0 0, L_000001de699f9f30;  alias, 1 drivers
S_000001de69a6b4c0 .scope module, "M4" "stochastic_multiplier" 12 40, 4 1 0, S_000001de69a64e50;
 .timescale 0 0;
    .port_info 0 /INPUT 1 "a";
    .port_info 1 /INPUT 1 "b";
    .port_info 2 /OUTPUT 1 "y";
L_000001de699fa240 .functor AND 1, L_000001de69a7da10, L_000001de69a7cb10, C4<1>, C4<1>;
v000001de69a6d070_0 .net "a", 0 0, L_000001de69a7da10;  alias, 1 drivers
v000001de69a6db10_0 .net "b", 0 0, L_000001de69a7cb10;  alias, 1 drivers
v000001de69a6ded0_0 .net "y", 0 0, L_000001de699fa240;  alias, 1 drivers
S_000001de69a6b650 .scope module, "dp22" "stochastic_vector_dot_product" 11 40, 12 1 0, S_000001de69a614d0;
 .timescale 0 0;
    .port_info 0 /INPUT 1 "clk";
    .port_info 1 /INPUT 1 "reset";
    .port_info 2 /INPUT 8 "a1_mag";
    .port_info 3 /INPUT 8 "a2_mag";
    .port_info 4 /INPUT 8 "a3_mag";
    .port_info 5 /INPUT 8 "a4_mag";
    .port_info 6 /INPUT 8 "b1_mag";
    .port_info 7 /INPUT 8 "b2_mag";
    .port_info 8 /INPUT 8 "b3_mag";
    .port_info 9 /INPUT 8 "b4_mag";
    .port_info 10 /OUTPUT 16 "result";
v000001de69a76910_0 .net "a1", 0 0, L_000001de69a7cbb0;  1 drivers
v000001de69a749d0_0 .net "a1_mag", 7 0, v000001de69a74d90_0;  alias, 1 drivers
v000001de69a76050_0 .net "a2", 0 0, L_000001de69a7d470;  1 drivers
v000001de69a76550_0 .net "a2_mag", 7 0, v000001de69a744d0_0;  alias, 1 drivers
v000001de69a75ab0_0 .net "a3", 0 0, L_000001de69a7d0b0;  1 drivers
L_000001de69a7ee88 .functor BUFT 1, C4<00000000>, C4<0>, C4<0>, C4<0>;
v000001de69a75790_0 .net "a3_mag", 7 0, L_000001de69a7ee88;  1 drivers
v000001de69a75470_0 .net "a4", 0 0, L_000001de69a7d1f0;  1 drivers
L_000001de69a7eed0 .functor BUFT 1, C4<00000000>, C4<0>, C4<0>, C4<0>;
v000001de69a75330_0 .net "a4_mag", 7 0, L_000001de69a7eed0;  1 drivers
v000001de69a75650_0 .net "b1", 0 0, L_000001de69a7cc50;  1 drivers
v000001de69a758d0_0 .net "b1_mag", 7 0, v000001de69a77270_0;  alias, 1 drivers
v000001de69a75b50_0 .net "b2", 0 0, L_000001de69a7db50;  1 drivers
v000001de69a75970_0 .net "b2_mag", 7 0, v000001de69a77770_0;  alias, 1 drivers
v000001de69a74750_0 .net "b3", 0 0, L_000001de69a7d330;  1 drivers
L_000001de69a7ef18 .functor BUFT 1, C4<00000000>, C4<0>, C4<0>, C4<0>;
v000001de69a74c50_0 .net "b3_mag", 7 0, L_000001de69a7ef18;  1 drivers
v000001de69a75a10_0 .net "b4", 0 0, L_000001de69a7d6f0;  1 drivers
L_000001de69a7ef60 .functor BUFT 1, C4<00000000>, C4<0>, C4<0>, C4<0>;
v000001de69a74f70_0 .net "b4_mag", 7 0, L_000001de69a7ef60;  1 drivers
v000001de69a747f0_0 .net "clk", 0 0, v000001de69a78030_0;  alias, 1 drivers
v000001de69a76230_0 .net "m1", 0 0, L_000001de699fa390;  1 drivers
v000001de69a75c90_0 .net "m2", 0 0, L_000001de699fa5c0;  1 drivers
v000001de69a74570_0 .net "m3", 0 0, L_000001de699fa710;  1 drivers
v000001de69a74890_0 .net "m4", 0 0, L_000001de699f9c90;  1 drivers
v000001de69a753d0_0 .net "reset", 0 0, v000001de69a77310_0;  alias, 1 drivers
v000001de69a765f0_0 .var "result", 15 0;
v000001de69a75d30_0 .var "warmup", 7 0;
S_000001de69a6ab60 .scope module, "A1" "stochastic_bitstream" 12 25, 13 1 0, S_000001de69a6b650;
 .timescale 0 0;
    .port_info 0 /INPUT 1 "clk";
    .port_info 1 /INPUT 1 "reset";
    .port_info 2 /INPUT 8 "magnitude";
    .port_info 3 /INPUT 8 "seed";
    .port_info 4 /OUTPUT 1 "bit_out";
v000001de69a72c30_0 .net "bit_out", 0 0, L_000001de69a7cbb0;  alias, 1 drivers
v000001de69a73810_0 .net "clk", 0 0, v000001de69a78030_0;  alias, 1 drivers
v000001de69a73e50_0 .net "magnitude", 7 0, v000001de69a74d90_0;  alias, 1 drivers
v000001de69a73270_0 .net "reset", 0 0, v000001de69a77310_0;  alias, 1 drivers
v000001de69a73630_0 .var "rnd", 7 0;
L_000001de69a7ec48 .functor BUFT 1, C4<00000001>, C4<0>, C4<0>, C4<0>;
v000001de69a738b0_0 .net "seed", 7 0, L_000001de69a7ec48;  1 drivers
L_000001de69a7cbb0 .cmp/gt 8, v000001de69a74d90_0, v000001de69a73630_0;
S_000001de69a6a840 .scope module, "A2" "stochastic_bitstream" 12 26, 13 1 0, S_000001de69a6b650;
 .timescale 0 0;
    .port_info 0 /INPUT 1 "clk";
    .port_info 1 /INPUT 1 "reset";
    .port_info 2 /INPUT 8 "magnitude";
    .port_info 3 /INPUT 8 "seed";
    .port_info 4 /OUTPUT 1 "bit_out";
v000001de69a73310_0 .net "bit_out", 0 0, L_000001de69a7d470;  alias, 1 drivers
v000001de69a73590_0 .net "clk", 0 0, v000001de69a78030_0;  alias, 1 drivers
v000001de69a73d10_0 .net "magnitude", 7 0, v000001de69a744d0_0;  alias, 1 drivers
v000001de69a73db0_0 .net "reset", 0 0, v000001de69a77310_0;  alias, 1 drivers
v000001de69a74030_0 .var "rnd", 7 0;
L_000001de69a7ec90 .functor BUFT 1, C4<00000111>, C4<0>, C4<0>, C4<0>;
v000001de69a72550_0 .net "seed", 7 0, L_000001de69a7ec90;  1 drivers
L_000001de69a7d470 .cmp/gt 8, v000001de69a744d0_0, v000001de69a74030_0;
S_000001de69a6a520 .scope module, "A3" "stochastic_bitstream" 12 27, 13 1 0, S_000001de69a6b650;
 .timescale 0 0;
    .port_info 0 /INPUT 1 "clk";
    .port_info 1 /INPUT 1 "reset";
    .port_info 2 /INPUT 8 "magnitude";
    .port_info 3 /INPUT 8 "seed";
    .port_info 4 /OUTPUT 1 "bit_out";
v000001de69a73950_0 .net "bit_out", 0 0, L_000001de69a7d0b0;  alias, 1 drivers
v000001de69a72730_0 .net "clk", 0 0, v000001de69a78030_0;  alias, 1 drivers
v000001de69a73ef0_0 .net "magnitude", 7 0, L_000001de69a7ee88;  alias, 1 drivers
v000001de69a733b0_0 .net "reset", 0 0, v000001de69a77310_0;  alias, 1 drivers
v000001de69a739f0_0 .var "rnd", 7 0;
L_000001de69a7ecd8 .functor BUFT 1, C4<00001101>, C4<0>, C4<0>, C4<0>;
v000001de69a72870_0 .net "seed", 7 0, L_000001de69a7ecd8;  1 drivers
L_000001de69a7d0b0 .cmp/gt 8, L_000001de69a7ee88, v000001de69a739f0_0;
S_000001de69a6ae80 .scope module, "A4" "stochastic_bitstream" 12 28, 13 1 0, S_000001de69a6b650;
 .timescale 0 0;
    .port_info 0 /INPUT 1 "clk";
    .port_info 1 /INPUT 1 "reset";
    .port_info 2 /INPUT 8 "magnitude";
    .port_info 3 /INPUT 8 "seed";
    .port_info 4 /OUTPUT 1 "bit_out";
v000001de69a73a90_0 .net "bit_out", 0 0, L_000001de69a7d1f0;  alias, 1 drivers
v000001de69a73b30_0 .net "clk", 0 0, v000001de69a78030_0;  alias, 1 drivers
v000001de69a72370_0 .net "magnitude", 7 0, L_000001de69a7eed0;  alias, 1 drivers
v000001de69a73c70_0 .net "reset", 0 0, v000001de69a77310_0;  alias, 1 drivers
v000001de69a73450_0 .var "rnd", 7 0;
L_000001de69a7ed20 .functor BUFT 1, C4<00010011>, C4<0>, C4<0>, C4<0>;
v000001de69a72910_0 .net "seed", 7 0, L_000001de69a7ed20;  1 drivers
L_000001de69a7d1f0 .cmp/gt 8, L_000001de69a7eed0, v000001de69a73450_0;
S_000001de69a6a200 .scope module, "B1" "stochastic_bitstream" 12 30, 13 1 0, S_000001de69a6b650;
 .timescale 0 0;
    .port_info 0 /INPUT 1 "clk";
    .port_info 1 /INPUT 1 "reset";
    .port_info 2 /INPUT 8 "magnitude";
    .port_info 3 /INPUT 8 "seed";
    .port_info 4 /OUTPUT 1 "bit_out";
v000001de69a72af0_0 .net "bit_out", 0 0, L_000001de69a7cc50;  alias, 1 drivers
v000001de69a740d0_0 .net "clk", 0 0, v000001de69a78030_0;  alias, 1 drivers
v000001de69a729b0_0 .net "magnitude", 7 0, v000001de69a77270_0;  alias, 1 drivers
v000001de69a72230_0 .net "reset", 0 0, v000001de69a77310_0;  alias, 1 drivers
v000001de69a722d0_0 .var "rnd", 7 0;
L_000001de69a7ed68 .functor BUFT 1, C4<00010111>, C4<0>, C4<0>, C4<0>;
v000001de69a72410_0 .net "seed", 7 0, L_000001de69a7ed68;  1 drivers
L_000001de69a7cc50 .cmp/gt 8, v000001de69a77270_0, v000001de69a722d0_0;
S_000001de69a6b7e0 .scope module, "B2" "stochastic_bitstream" 12 31, 13 1 0, S_000001de69a6b650;
 .timescale 0 0;
    .port_info 0 /INPUT 1 "clk";
    .port_info 1 /INPUT 1 "reset";
    .port_info 2 /INPUT 8 "magnitude";
    .port_info 3 /INPUT 8 "seed";
    .port_info 4 /OUTPUT 1 "bit_out";
v000001de69a72b90_0 .net "bit_out", 0 0, L_000001de69a7db50;  alias, 1 drivers
v000001de69a72cd0_0 .net "clk", 0 0, v000001de69a78030_0;  alias, 1 drivers
v000001de69a72ff0_0 .net "magnitude", 7 0, v000001de69a77770_0;  alias, 1 drivers
v000001de69a72d70_0 .net "reset", 0 0, v000001de69a77310_0;  alias, 1 drivers
v000001de69a72e10_0 .var "rnd", 7 0;
L_000001de69a7edb0 .functor BUFT 1, C4<00011101>, C4<0>, C4<0>, C4<0>;
v000001de69a72eb0_0 .net "seed", 7 0, L_000001de69a7edb0;  1 drivers
L_000001de69a7db50 .cmp/gt 8, v000001de69a77770_0, v000001de69a72e10_0;
S_000001de69a6a6b0 .scope module, "B3" "stochastic_bitstream" 12 32, 13 1 0, S_000001de69a6b650;
 .timescale 0 0;
    .port_info 0 /INPUT 1 "clk";
    .port_info 1 /INPUT 1 "reset";
    .port_info 2 /INPUT 8 "magnitude";
    .port_info 3 /INPUT 8 "seed";
    .port_info 4 /OUTPUT 1 "bit_out";
v000001de69a73090_0 .net "bit_out", 0 0, L_000001de69a7d330;  alias, 1 drivers
v000001de69a73130_0 .net "clk", 0 0, v000001de69a78030_0;  alias, 1 drivers
v000001de69a75510_0 .net "magnitude", 7 0, L_000001de69a7ef18;  alias, 1 drivers
v000001de69a764b0_0 .net "reset", 0 0, v000001de69a77310_0;  alias, 1 drivers
v000001de69a751f0_0 .var "rnd", 7 0;
L_000001de69a7edf8 .functor BUFT 1, C4<00011111>, C4<0>, C4<0>, C4<0>;
v000001de69a76870_0 .net "seed", 7 0, L_000001de69a7edf8;  1 drivers
L_000001de69a7d330 .cmp/gt 8, L_000001de69a7ef18, v000001de69a751f0_0;
S_000001de69a6b010 .scope module, "B4" "stochastic_bitstream" 12 33, 13 1 0, S_000001de69a6b650;
 .timescale 0 0;
    .port_info 0 /INPUT 1 "clk";
    .port_info 1 /INPUT 1 "reset";
    .port_info 2 /INPUT 8 "magnitude";
    .port_info 3 /INPUT 8 "seed";
    .port_info 4 /OUTPUT 1 "bit_out";
v000001de69a74610_0 .net "bit_out", 0 0, L_000001de69a7d6f0;  alias, 1 drivers
v000001de69a75fb0_0 .net "clk", 0 0, v000001de69a78030_0;  alias, 1 drivers
v000001de69a75e70_0 .net "magnitude", 7 0, L_000001de69a7ef60;  alias, 1 drivers
v000001de69a75290_0 .net "reset", 0 0, v000001de69a77310_0;  alias, 1 drivers
v000001de69a76690_0 .var "rnd", 7 0;
L_000001de69a7ee40 .functor BUFT 1, C4<00100101>, C4<0>, C4<0>, C4<0>;
v000001de69a756f0_0 .net "seed", 7 0, L_000001de69a7ee40;  1 drivers
L_000001de69a7d6f0 .cmp/gt 8, L_000001de69a7ef60, v000001de69a76690_0;
S_000001de69a6bb00 .scope module, "M1" "stochastic_multiplier" 12 37, 4 1 0, S_000001de69a6b650;
 .timescale 0 0;
    .port_info 0 /INPUT 1 "a";
    .port_info 1 /INPUT 1 "b";
    .port_info 2 /OUTPUT 1 "y";
L_000001de699fa390 .functor AND 1, L_000001de69a7cbb0, L_000001de69a7cc50, C4<1>, C4<1>;
v000001de69a74a70_0 .net "a", 0 0, L_000001de69a7cbb0;  alias, 1 drivers
v000001de69a760f0_0 .net "b", 0 0, L_000001de69a7cc50;  alias, 1 drivers
v000001de69a75150_0 .net "y", 0 0, L_000001de699fa390;  alias, 1 drivers
S_000001de69a78ed0 .scope module, "M2" "stochastic_multiplier" 12 38, 4 1 0, S_000001de69a6b650;
 .timescale 0 0;
    .port_info 0 /INPUT 1 "a";
    .port_info 1 /INPUT 1 "b";
    .port_info 2 /OUTPUT 1 "y";
L_000001de699fa5c0 .functor AND 1, L_000001de69a7d470, L_000001de69a7db50, C4<1>, C4<1>;
v000001de69a75010_0 .net "a", 0 0, L_000001de69a7d470;  alias, 1 drivers
v000001de69a75f10_0 .net "b", 0 0, L_000001de69a7db50;  alias, 1 drivers
v000001de69a74ed0_0 .net "y", 0 0, L_000001de699fa5c0;  alias, 1 drivers
S_000001de69a78bb0 .scope module, "M3" "stochastic_multiplier" 12 39, 4 1 0, S_000001de69a6b650;
 .timescale 0 0;
    .port_info 0 /INPUT 1 "a";
    .port_info 1 /INPUT 1 "b";
    .port_info 2 /OUTPUT 1 "y";
L_000001de699fa710 .functor AND 1, L_000001de69a7d0b0, L_000001de69a7d330, C4<1>, C4<1>;
v000001de69a746b0_0 .net "a", 0 0, L_000001de69a7d0b0;  alias, 1 drivers
v000001de69a75bf0_0 .net "b", 0 0, L_000001de69a7d330;  alias, 1 drivers
v000001de69a75830_0 .net "y", 0 0, L_000001de699fa710;  alias, 1 drivers
S_000001de69a791f0 .scope module, "M4" "stochastic_multiplier" 12 40, 4 1 0, S_000001de69a6b650;
 .timescale 0 0;
    .port_info 0 /INPUT 1 "a";
    .port_info 1 /INPUT 1 "b";
    .port_info 2 /OUTPUT 1 "y";
L_000001de699f9c90 .functor AND 1, L_000001de69a7d1f0, L_000001de69a7d6f0, C4<1>, C4<1>;
v000001de69a742f0_0 .net "a", 0 0, L_000001de69a7d1f0;  alias, 1 drivers
v000001de69a755b0_0 .net "b", 0 0, L_000001de69a7d6f0;  alias, 1 drivers
v000001de69a76190_0 .net "y", 0 0, L_000001de699f9c90;  alias, 1 drivers
S_000001de69979640 .scope module, "vector_dot_product" "vector_dot_product" 14 1;
 .timescale 0 0;
    .port_info 0 /INPUT 1 "clk";
    .port_info 1 /INPUT 1 "reset";
    .port_info 2 /INPUT 1 "a1";
    .port_info 3 /INPUT 1 "b1";
    .port_info 4 /INPUT 1 "a2";
    .port_info 5 /INPUT 1 "b2";
    .port_info 6 /INPUT 1 "a3";
    .port_info 7 /INPUT 1 "b3";
    .port_info 8 /INPUT 1 "a4";
    .port_info 9 /INPUT 1 "b4";
    .port_info 10 /OUTPUT 16 "result";
o000001de69a17d98 .functor BUFZ 1, C4<z>; HiZ drive
v000001de69a76e10_0 .net "a1", 0 0, o000001de69a17d98;  0 drivers
o000001de69a17eb8 .functor BUFZ 1, C4<z>; HiZ drive
v000001de69a76af0_0 .net "a2", 0 0, o000001de69a17eb8;  0 drivers
o000001de69a17fd8 .functor BUFZ 1, C4<z>; HiZ drive
v000001de69a76eb0_0 .net "a3", 0 0, o000001de69a17fd8;  0 drivers
o000001de69a180f8 .functor BUFZ 1, C4<z>; HiZ drive
v000001de69a76f50_0 .net "a4", 0 0, o000001de69a180f8;  0 drivers
o000001de69a17dc8 .functor BUFZ 1, C4<z>; HiZ drive
v000001de69a76ff0_0 .net "b1", 0 0, o000001de69a17dc8;  0 drivers
o000001de69a17ee8 .functor BUFZ 1, C4<z>; HiZ drive
v000001de69a77130_0 .net "b2", 0 0, o000001de69a17ee8;  0 drivers
o000001de69a18008 .functor BUFZ 1, C4<z>; HiZ drive
v000001de69a77a90_0 .net "b3", 0 0, o000001de69a18008;  0 drivers
o000001de69a18128 .functor BUFZ 1, C4<z>; HiZ drive
v000001de69a77c70_0 .net "b4", 0 0, o000001de69a18128;  0 drivers
o000001de69a18218 .functor BUFZ 1, C4<z>; HiZ drive
v000001de69a77090_0 .net "clk", 0 0, o000001de69a18218;  0 drivers
v000001de69a774f0_0 .net "m1", 0 0, L_000001de699f98a0;  1 drivers
v000001de69a77590_0 .net "m2", 0 0, L_000001de699f9a60;  1 drivers
v000001de69a776d0_0 .net "m3", 0 0, L_000001de699fa2b0;  1 drivers
v000001de69a77b30_0 .net "m4", 0 0, L_000001de699fa320;  1 drivers
o000001de69a18248 .functor BUFZ 1, C4<z>; HiZ drive
v000001de69a77d10_0 .net "reset", 0 0, o000001de69a18248;  0 drivers
v000001de69a77db0_0 .var "result", 15 0;
E_000001de699ff360 .event posedge, v000001de69a77d10_0, v000001de69a77090_0;
S_000001de69a78d40 .scope module, "mult1" "stochastic_multiplier" 14 20, 4 1 0, S_000001de69979640;
 .timescale 0 0;
    .port_info 0 /INPUT 1 "a";
    .port_info 1 /INPUT 1 "b";
    .port_info 2 /OUTPUT 1 "y";
L_000001de699f98a0 .functor AND 1, o000001de69a17d98, o000001de69a17dc8, C4<1>, C4<1>;
v000001de69a773b0_0 .net "a", 0 0, o000001de69a17d98;  alias, 0 drivers
v000001de69a77f90_0 .net "b", 0 0, o000001de69a17dc8;  alias, 0 drivers
v000001de69a780d0_0 .net "y", 0 0, L_000001de699f98a0;  alias, 1 drivers
S_000001de69a799c0 .scope module, "mult2" "stochastic_multiplier" 14 21, 4 1 0, S_000001de69979640;
 .timescale 0 0;
    .port_info 0 /INPUT 1 "a";
    .port_info 1 /INPUT 1 "b";
    .port_info 2 /OUTPUT 1 "y";
L_000001de699f9a60 .functor AND 1, o000001de69a17eb8, o000001de69a17ee8, C4<1>, C4<1>;
v000001de69a77630_0 .net "a", 0 0, o000001de69a17eb8;  alias, 0 drivers
v000001de69a77ef0_0 .net "b", 0 0, o000001de69a17ee8;  alias, 0 drivers
v000001de69a76cd0_0 .net "y", 0 0, L_000001de699f9a60;  alias, 1 drivers
S_000001de69a79060 .scope module, "mult3" "stochastic_multiplier" 14 22, 4 1 0, S_000001de69979640;
 .timescale 0 0;
    .port_info 0 /INPUT 1 "a";
    .port_info 1 /INPUT 1 "b";
    .port_info 2 /OUTPUT 1 "y";
L_000001de699fa2b0 .functor AND 1, o000001de69a17fd8, o000001de69a18008, C4<1>, C4<1>;
v000001de69a77bd0_0 .net "a", 0 0, o000001de69a17fd8;  alias, 0 drivers
v000001de69a778b0_0 .net "b", 0 0, o000001de69a18008;  alias, 0 drivers
v000001de69a76c30_0 .net "y", 0 0, L_000001de699fa2b0;  alias, 1 drivers
S_000001de69a79510 .scope module, "mult4" "stochastic_multiplier" 14 23, 4 1 0, S_000001de69979640;
 .timescale 0 0;
    .port_info 0 /INPUT 1 "a";
    .port_info 1 /INPUT 1 "b";
    .port_info 2 /OUTPUT 1 "y";
L_000001de699fa320 .functor AND 1, o000001de69a180f8, o000001de69a18128, C4<1>, C4<1>;
v000001de69a76a50_0 .net "a", 0 0, o000001de69a180f8;  alias, 0 drivers
v000001de69a77950_0 .net "b", 0 0, o000001de69a18128;  alias, 0 drivers
v000001de69a771d0_0 .net "y", 0 0, L_000001de699fa320;  alias, 1 drivers
    .scope S_000001de699797d0;
T_0 ;
    %wait E_000001de699fdd20;
    %load/vec4 v000001de69a100d0_0;
    %flag_set/vec4 8;
    %jmp/0xz  T_0.0, 8;
    %pushi/vec4 0, 0, 16;
    %assign/vec4 v000001de69a10fd0_0, 0;
    %jmp T_0.1;
T_0.0 ;
    %load/vec4 v000001de69a11570_0;
    %flag_set/vec4 8;
    %jmp/0xz  T_0.2, 8;
    %load/vec4 v000001de69a10fd0_0;
    %addi 1, 0, 16;
    %assign/vec4 v000001de69a10fd0_0, 0;
T_0.2 ;
T_0.1 ;
    %jmp T_0;
    .thread T_0;
    .scope S_000001de6996ced0;
T_1 ;
    %pushi/vec4 1, 0, 8;
    %store/vec4 v000001de69a11c50_0, 0, 8;
    %end;
    .thread T_1;
    .scope S_000001de6996ced0;
T_2 ;
    %wait E_000001de699fe2a0;
    %load/vec4 v000001de69a10990_0;
    %flag_set/vec4 8;
    %jmp/0xz  T_2.0, 8;
    %pushi/vec4 1, 0, 8;
    %assign/vec4 v000001de69a11c50_0, 0;
    %jmp T_2.1;
T_2.0 ;
    %load/vec4 v000001de69a11c50_0;
    %parti/s 7, 0, 2;
    %load/vec4 v000001de69a11c50_0;
    %parti/s 1, 7, 4;
    %load/vec4 v000001de69a11c50_0;
    %parti/s 1, 5, 4;
    %xor;
    %load/vec4 v000001de69a11c50_0;
    %parti/s 1, 4, 4;
    %xor;
    %load/vec4 v000001de69a11c50_0;
    %parti/s 1, 3, 3;
    %xor;
    %concat/vec4; draw_concat_vec4
    %assign/vec4 v000001de69a11c50_0, 0;
T_2.1 ;
    %jmp T_2;
    .thread T_2;
    .scope S_000001de6996d060;
T_3 ;
    %pushi/vec4 1, 0, 8;
    %store/vec4 v000001de69a10cb0_0, 0, 8;
    %end;
    .thread T_3;
    .scope S_000001de6996d060;
T_4 ;
    %wait E_000001de699fe2a0;
    %load/vec4 v000001de69a10b70_0;
    %flag_set/vec4 8;
    %jmp/0xz  T_4.0, 8;
    %pushi/vec4 1, 0, 8;
    %assign/vec4 v000001de69a10cb0_0, 0;
    %jmp T_4.1;
T_4.0 ;
    %load/vec4 v000001de69a10cb0_0;
    %parti/s 7, 0, 2;
    %load/vec4 v000001de69a10cb0_0;
    %parti/s 1, 7, 4;
    %load/vec4 v000001de69a10cb0_0;
    %parti/s 1, 5, 4;
    %xor;
    %load/vec4 v000001de69a10cb0_0;
    %parti/s 1, 4, 4;
    %xor;
    %load/vec4 v000001de69a10cb0_0;
    %parti/s 1, 3, 3;
    %xor;
    %concat/vec4; draw_concat_vec4
    %assign/vec4 v000001de69a10cb0_0, 0;
T_4.1 ;
    %jmp T_4;
    .thread T_4;
    .scope S_000001de69966fd0;
T_5 ;
    %pushi/vec4 1, 0, 8;
    %store/vec4 v000001de69a10e90_0, 0, 8;
    %end;
    .thread T_5;
    .scope S_000001de69966fd0;
T_6 ;
    %wait E_000001de699fe2a0;
    %load/vec4 v000001de69a10df0_0;
    %flag_set/vec4 8;
    %jmp/0xz  T_6.0, 8;
    %pushi/vec4 1, 0, 8;
    %assign/vec4 v000001de69a10e90_0, 0;
    %jmp T_6.1;
T_6.0 ;
    %load/vec4 v000001de69a10e90_0;
    %parti/s 7, 0, 2;
    %load/vec4 v000001de69a10e90_0;
    %parti/s 1, 7, 4;
    %load/vec4 v000001de69a10e90_0;
    %parti/s 1, 5, 4;
    %xor;
    %load/vec4 v000001de69a10e90_0;
    %parti/s 1, 4, 4;
    %xor;
    %load/vec4 v000001de69a10e90_0;
    %parti/s 1, 3, 3;
    %xor;
    %concat/vec4; draw_concat_vec4
    %assign/vec4 v000001de69a10e90_0, 0;
T_6.1 ;
    %jmp T_6;
    .thread T_6;
    .scope S_000001de69967160;
T_7 ;
    %pushi/vec4 1, 0, 8;
    %store/vec4 v000001de699eee50_0, 0, 8;
    %end;
    .thread T_7;
    .scope S_000001de69967160;
T_8 ;
    %wait E_000001de699fe2a0;
    %load/vec4 v000001de699ef350_0;
    %flag_set/vec4 8;
    %jmp/0xz  T_8.0, 8;
    %pushi/vec4 1, 0, 8;
    %assign/vec4 v000001de699eee50_0, 0;
    %jmp T_8.1;
T_8.0 ;
    %load/vec4 v000001de699eee50_0;
    %parti/s 7, 0, 2;
    %load/vec4 v000001de699eee50_0;
    %parti/s 1, 7, 4;
    %load/vec4 v000001de699eee50_0;
    %parti/s 1, 5, 4;
    %xor;
    %load/vec4 v000001de699eee50_0;
    %parti/s 1, 4, 4;
    %xor;
    %load/vec4 v000001de699eee50_0;
    %parti/s 1, 3, 3;
    %xor;
    %concat/vec4; draw_concat_vec4
    %assign/vec4 v000001de699eee50_0, 0;
T_8.1 ;
    %jmp T_8;
    .thread T_8;
    .scope S_000001de69a617f0;
T_9 ;
    %pushi/vec4 1, 0, 8;
    %store/vec4 v000001de699d9fd0_0, 0, 8;
    %end;
    .thread T_9;
    .scope S_000001de69a617f0;
T_10 ;
    %wait E_000001de699fdb20;
    %load/vec4 v000001de699da250_0;
    %flag_set/vec4 8;
    %jmp/0xz  T_10.0, 8;
    %load/vec4 v000001de699d9cb0_0;
    %assign/vec4 v000001de699d9fd0_0, 0;
    %jmp T_10.1;
T_10.0 ;
    %load/vec4 v000001de699d9fd0_0;
    %parti/s 7, 0, 2;
    %load/vec4 v000001de699d9fd0_0;
    %parti/s 1, 7, 4;
    %load/vec4 v000001de699d9fd0_0;
    %parti/s 1, 5, 4;
    %xor;
    %load/vec4 v000001de699d9fd0_0;
    %parti/s 1, 4, 4;
    %xor;
    %load/vec4 v000001de699d9fd0_0;
    %parti/s 1, 3, 3;
    %xor;
    %concat/vec4; draw_concat_vec4
    %assign/vec4 v000001de699d9fd0_0, 0;
T_10.1 ;
    %jmp T_10;
    .thread T_10;
    .scope S_000001de69a61ca0;
T_11 ;
    %pushi/vec4 1, 0, 8;
    %store/vec4 v000001de699d9ad0_0, 0, 8;
    %end;
    .thread T_11;
    .scope S_000001de69a61ca0;
T_12 ;
    %wait E_000001de699fdb20;
    %load/vec4 v000001de699d9210_0;
    %flag_set/vec4 8;
    %jmp/0xz  T_12.0, 8;
    %load/vec4 v000001de699d9e90_0;
    %assign/vec4 v000001de699d9ad0_0, 0;
    %jmp T_12.1;
T_12.0 ;
    %load/vec4 v000001de699d9ad0_0;
    %parti/s 7, 0, 2;
    %load/vec4 v000001de699d9ad0_0;
    %parti/s 1, 7, 4;
    %load/vec4 v000001de699d9ad0_0;
    %parti/s 1, 5, 4;
    %xor;
    %load/vec4 v000001de699d9ad0_0;
    %parti/s 1, 4, 4;
    %xor;
    %load/vec4 v000001de699d9ad0_0;
    %parti/s 1, 3, 3;
    %xor;
    %concat/vec4; draw_concat_vec4
    %assign/vec4 v000001de699d9ad0_0, 0;
T_12.1 ;
    %jmp T_12;
    .thread T_12;
    .scope S_000001de69a61980;
T_13 ;
    %pushi/vec4 1, 0, 8;
    %store/vec4 v000001de699d88b0_0, 0, 8;
    %end;
    .thread T_13;
    .scope S_000001de69a61980;
T_14 ;
    %wait E_000001de699fdb20;
    %load/vec4 v000001de699da570_0;
    %flag_set/vec4 8;
    %jmp/0xz  T_14.0, 8;
    %load/vec4 v000001de699d8e50_0;
    %assign/vec4 v000001de699d88b0_0, 0;
    %jmp T_14.1;
T_14.0 ;
    %load/vec4 v000001de699d88b0_0;
    %parti/s 7, 0, 2;
    %load/vec4 v000001de699d88b0_0;
    %parti/s 1, 7, 4;
    %load/vec4 v000001de699d88b0_0;
    %parti/s 1, 5, 4;
    %xor;
    %load/vec4 v000001de699d88b0_0;
    %parti/s 1, 4, 4;
    %xor;
    %load/vec4 v000001de699d88b0_0;
    %parti/s 1, 3, 3;
    %xor;
    %concat/vec4; draw_concat_vec4
    %assign/vec4 v000001de699d88b0_0, 0;
T_14.1 ;
    %jmp T_14;
    .thread T_14;
    .scope S_000001de69a61b10;
T_15 ;
    %pushi/vec4 1, 0, 8;
    %store/vec4 v000001de699d8bd0_0, 0, 8;
    %end;
    .thread T_15;
    .scope S_000001de69a61b10;
T_16 ;
    %wait E_000001de699fdb20;
    %load/vec4 v000001de699d93f0_0;
    %flag_set/vec4 8;
    %jmp/0xz  T_16.0, 8;
    %load/vec4 v000001de699d8ef0_0;
    %assign/vec4 v000001de699d8bd0_0, 0;
    %jmp T_16.1;
T_16.0 ;
    %load/vec4 v000001de699d8bd0_0;
    %parti/s 7, 0, 2;
    %load/vec4 v000001de699d8bd0_0;
    %parti/s 1, 7, 4;
    %load/vec4 v000001de699d8bd0_0;
    %parti/s 1, 5, 4;
    %xor;
    %load/vec4 v000001de699d8bd0_0;
    %parti/s 1, 4, 4;
    %xor;
    %load/vec4 v000001de699d8bd0_0;
    %parti/s 1, 3, 3;
    %xor;
    %concat/vec4; draw_concat_vec4
    %assign/vec4 v000001de699d8bd0_0, 0;
T_16.1 ;
    %jmp T_16;
    .thread T_16;
    .scope S_000001de69a61340;
T_17 ;
    %pushi/vec4 1, 0, 8;
    %store/vec4 v000001de699d0a70_0, 0, 8;
    %end;
    .thread T_17;
    .scope S_000001de69a61340;
T_18 ;
    %wait E_000001de699fdb20;
    %load/vec4 v000001de699d1330_0;
    %flag_set/vec4 8;
    %jmp/0xz  T_18.0, 8;
    %load/vec4 v000001de699d10b0_0;
    %assign/vec4 v000001de699d0a70_0, 0;
    %jmp T_18.1;
T_18.0 ;
    %load/vec4 v000001de699d0a70_0;
    %parti/s 7, 0, 2;
    %load/vec4 v000001de699d0a70_0;
    %parti/s 1, 7, 4;
    %load/vec4 v000001de699d0a70_0;
    %parti/s 1, 5, 4;
    %xor;
    %load/vec4 v000001de699d0a70_0;
    %parti/s 1, 4, 4;
    %xor;
    %load/vec4 v000001de699d0a70_0;
    %parti/s 1, 3, 3;
    %xor;
    %concat/vec4; draw_concat_vec4
    %assign/vec4 v000001de699d0a70_0, 0;
T_18.1 ;
    %jmp T_18;
    .thread T_18;
    .scope S_000001de69a61660;
T_19 ;
    %pushi/vec4 1, 0, 8;
    %store/vec4 v000001de699d1150_0, 0, 8;
    %end;
    .thread T_19;
    .scope S_000001de69a61660;
T_20 ;
    %wait E_000001de699fdb20;
    %load/vec4 v000001de699d0890_0;
    %flag_set/vec4 8;
    %jmp/0xz  T_20.0, 8;
    %load/vec4 v000001de699d11f0_0;
    %assign/vec4 v000001de699d1150_0, 0;
    %jmp T_20.1;
T_20.0 ;
    %load/vec4 v000001de699d1150_0;
    %parti/s 7, 0, 2;
    %load/vec4 v000001de699d1150_0;
    %parti/s 1, 7, 4;
    %load/vec4 v000001de699d1150_0;
    %parti/s 1, 5, 4;
    %xor;
    %load/vec4 v000001de699d1150_0;
    %parti/s 1, 4, 4;
    %xor;
    %load/vec4 v000001de699d1150_0;
    %parti/s 1, 3, 3;
    %xor;
    %concat/vec4; draw_concat_vec4
    %assign/vec4 v000001de699d1150_0, 0;
T_20.1 ;
    %jmp T_20;
    .thread T_20;
    .scope S_000001de69a61e30;
T_21 ;
    %pushi/vec4 1, 0, 8;
    %store/vec4 v000001de69a62ee0_0, 0, 8;
    %end;
    .thread T_21;
    .scope S_000001de69a61e30;
T_22 ;
    %wait E_000001de699fdb20;
    %load/vec4 v000001de699d0930_0;
    %flag_set/vec4 8;
    %jmp/0xz  T_22.0, 8;
    %load/vec4 v000001de69a62f80_0;
    %assign/vec4 v000001de69a62ee0_0, 0;
    %jmp T_22.1;
T_22.0 ;
    %load/vec4 v000001de69a62ee0_0;
    %parti/s 7, 0, 2;
    %load/vec4 v000001de69a62ee0_0;
    %parti/s 1, 7, 4;
    %load/vec4 v000001de69a62ee0_0;
    %parti/s 1, 5, 4;
    %xor;
    %load/vec4 v000001de69a62ee0_0;
    %parti/s 1, 4, 4;
    %xor;
    %load/vec4 v000001de69a62ee0_0;
    %parti/s 1, 3, 3;
    %xor;
    %concat/vec4; draw_concat_vec4
    %assign/vec4 v000001de69a62ee0_0, 0;
T_22.1 ;
    %jmp T_22;
    .thread T_22;
    .scope S_000001de69a61fc0;
T_23 ;
    %pushi/vec4 1, 0, 8;
    %store/vec4 v000001de69a63de0_0, 0, 8;
    %end;
    .thread T_23;
    .scope S_000001de69a61fc0;
T_24 ;
    %wait E_000001de699fdb20;
    %load/vec4 v000001de69a630c0_0;
    %flag_set/vec4 8;
    %jmp/0xz  T_24.0, 8;
    %load/vec4 v000001de69a63ac0_0;
    %assign/vec4 v000001de69a63de0_0, 0;
    %jmp T_24.1;
T_24.0 ;
    %load/vec4 v000001de69a63de0_0;
    %parti/s 7, 0, 2;
    %load/vec4 v000001de69a63de0_0;
    %parti/s 1, 7, 4;
    %load/vec4 v000001de69a63de0_0;
    %parti/s 1, 5, 4;
    %xor;
    %load/vec4 v000001de69a63de0_0;
    %parti/s 1, 4, 4;
    %xor;
    %load/vec4 v000001de69a63de0_0;
    %parti/s 1, 3, 3;
    %xor;
    %concat/vec4; draw_concat_vec4
    %assign/vec4 v000001de69a63de0_0, 0;
T_24.1 ;
    %jmp T_24;
    .thread T_24;
    .scope S_000001de69a611b0;
T_25 ;
    %pushi/vec4 0, 0, 16;
    %store/vec4 v000001de69a62940_0, 0, 16;
    %end;
    .thread T_25;
    .scope S_000001de69a611b0;
T_26 ;
    %wait E_000001de699fdb20;
    %load/vec4 v000001de69a628a0_0;
    %flag_set/vec4 8;
    %jmp/0xz  T_26.0, 8;
    %pushi/vec4 0, 0, 16;
    %assign/vec4 v000001de69a62940_0, 0;
    %pushi/vec4 0, 0, 8;
    %assign/vec4 v000001de69a62d00_0, 0;
    %jmp T_26.1;
T_26.0 ;
    %load/vec4 v000001de69a62d00_0;
    %addi 1, 0, 8;
    %assign/vec4 v000001de69a62d00_0, 0;
    %load/vec4 v000001de69a62d00_0;
    %pad/u 32;
    %cmpi/u 20, 0, 32;
    %flag_or 5, 4; GT is !LE
    %flag_inv 5;
    %jmp/0xz  T_26.2, 5;
    %load/vec4 v000001de69a62940_0;
    %load/vec4 v000001de69a62800_0;
    %pad/u 16;
    %add;
    %load/vec4 v000001de69a62a80_0;
    %pad/u 16;
    %add;
    %load/vec4 v000001de69a63c00_0;
    %pad/u 16;
    %add;
    %load/vec4 v000001de69a63a20_0;
    %pad/u 16;
    %add;
    %assign/vec4 v000001de69a62940_0, 0;
T_26.2 ;
T_26.1 ;
    %jmp T_26;
    .thread T_26;
    .scope S_000001de69a65620;
T_27 ;
    %pushi/vec4 1, 0, 8;
    %store/vec4 v000001de69a62b20_0, 0, 8;
    %end;
    .thread T_27;
    .scope S_000001de69a65620;
T_28 ;
    %wait E_000001de699fdb20;
    %load/vec4 v000001de69a629e0_0;
    %flag_set/vec4 8;
    %jmp/0xz  T_28.0, 8;
    %load/vec4 v000001de69a63200_0;
    %assign/vec4 v000001de69a62b20_0, 0;
    %jmp T_28.1;
T_28.0 ;
    %load/vec4 v000001de69a62b20_0;
    %parti/s 7, 0, 2;
    %load/vec4 v000001de69a62b20_0;
    %parti/s 1, 7, 4;
    %load/vec4 v000001de69a62b20_0;
    %parti/s 1, 5, 4;
    %xor;
    %load/vec4 v000001de69a62b20_0;
    %parti/s 1, 4, 4;
    %xor;
    %load/vec4 v000001de69a62b20_0;
    %parti/s 1, 3, 3;
    %xor;
    %concat/vec4; draw_concat_vec4
    %assign/vec4 v000001de69a62b20_0, 0;
T_28.1 ;
    %jmp T_28;
    .thread T_28;
    .scope S_000001de69a65f80;
T_29 ;
    %pushi/vec4 1, 0, 8;
    %store/vec4 v000001de69a67680_0, 0, 8;
    %end;
    .thread T_29;
    .scope S_000001de69a65f80;
T_30 ;
    %wait E_000001de699fdb20;
    %load/vec4 v000001de69a66d20_0;
    %flag_set/vec4 8;
    %jmp/0xz  T_30.0, 8;
    %load/vec4 v000001de69a67180_0;
    %assign/vec4 v000001de69a67680_0, 0;
    %jmp T_30.1;
T_30.0 ;
    %load/vec4 v000001de69a67680_0;
    %parti/s 7, 0, 2;
    %load/vec4 v000001de69a67680_0;
    %parti/s 1, 7, 4;
    %load/vec4 v000001de69a67680_0;
    %parti/s 1, 5, 4;
    %xor;
    %load/vec4 v000001de69a67680_0;
    %parti/s 1, 4, 4;
    %xor;
    %load/vec4 v000001de69a67680_0;
    %parti/s 1, 3, 3;
    %xor;
    %concat/vec4; draw_concat_vec4
    %assign/vec4 v000001de69a67680_0, 0;
T_30.1 ;
    %jmp T_30;
    .thread T_30;
    .scope S_000001de69a64680;
T_31 ;
    %pushi/vec4 1, 0, 8;
    %store/vec4 v000001de69a66e60_0, 0, 8;
    %end;
    .thread T_31;
    .scope S_000001de69a64680;
T_32 ;
    %wait E_000001de699fdb20;
    %load/vec4 v000001de69a66640_0;
    %flag_set/vec4 8;
    %jmp/0xz  T_32.0, 8;
    %load/vec4 v000001de69a66f00_0;
    %assign/vec4 v000001de69a66e60_0, 0;
    %jmp T_32.1;
T_32.0 ;
    %load/vec4 v000001de69a66e60_0;
    %parti/s 7, 0, 2;
    %load/vec4 v000001de69a66e60_0;
    %parti/s 1, 7, 4;
    %load/vec4 v000001de69a66e60_0;
    %parti/s 1, 5, 4;
    %xor;
    %load/vec4 v000001de69a66e60_0;
    %parti/s 1, 4, 4;
    %xor;
    %load/vec4 v000001de69a66e60_0;
    %parti/s 1, 3, 3;
    %xor;
    %concat/vec4; draw_concat_vec4
    %assign/vec4 v000001de69a66e60_0, 0;
T_32.1 ;
    %jmp T_32;
    .thread T_32;
    .scope S_000001de69a64cc0;
T_33 ;
    %pushi/vec4 1, 0, 8;
    %store/vec4 v000001de69a67220_0, 0, 8;
    %end;
    .thread T_33;
    .scope S_000001de69a64cc0;
T_34 ;
    %wait E_000001de699fdb20;
    %load/vec4 v000001de69a67540_0;
    %flag_set/vec4 8;
    %jmp/0xz  T_34.0, 8;
    %load/vec4 v000001de69a67360_0;
    %assign/vec4 v000001de69a67220_0, 0;
    %jmp T_34.1;
T_34.0 ;
    %load/vec4 v000001de69a67220_0;
    %parti/s 7, 0, 2;
    %load/vec4 v000001de69a67220_0;
    %parti/s 1, 7, 4;
    %load/vec4 v000001de69a67220_0;
    %parti/s 1, 5, 4;
    %xor;
    %load/vec4 v000001de69a67220_0;
    %parti/s 1, 4, 4;
    %xor;
    %load/vec4 v000001de69a67220_0;
    %parti/s 1, 3, 3;
    %xor;
    %concat/vec4; draw_concat_vec4
    %assign/vec4 v000001de69a67220_0, 0;
T_34.1 ;
    %jmp T_34;
    .thread T_34;
    .scope S_000001de69a65300;
T_35 ;
    %pushi/vec4 1, 0, 8;
    %store/vec4 v000001de69a66b40_0, 0, 8;
    %end;
    .thread T_35;
    .scope S_000001de69a65300;
T_36 ;
    %wait E_000001de699fdb20;
    %load/vec4 v000001de69a67ae0_0;
    %flag_set/vec4 8;
    %jmp/0xz  T_36.0, 8;
    %load/vec4 v000001de69a68080_0;
    %assign/vec4 v000001de69a66b40_0, 0;
    %jmp T_36.1;
T_36.0 ;
    %load/vec4 v000001de69a66b40_0;
    %parti/s 7, 0, 2;
    %load/vec4 v000001de69a66b40_0;
    %parti/s 1, 7, 4;
    %load/vec4 v000001de69a66b40_0;
    %parti/s 1, 5, 4;
    %xor;
    %load/vec4 v000001de69a66b40_0;
    %parti/s 1, 4, 4;
    %xor;
    %load/vec4 v000001de69a66b40_0;
    %parti/s 1, 3, 3;
    %xor;
    %concat/vec4; draw_concat_vec4
    %assign/vec4 v000001de69a66b40_0, 0;
T_36.1 ;
    %jmp T_36;
    .thread T_36;
    .scope S_000001de69a65940;
T_37 ;
    %pushi/vec4 1, 0, 8;
    %store/vec4 v000001de69a674a0_0, 0, 8;
    %end;
    .thread T_37;
    .scope S_000001de69a65940;
T_38 ;
    %wait E_000001de699fdb20;
    %load/vec4 v000001de69a66a00_0;
    %flag_set/vec4 8;
    %jmp/0xz  T_38.0, 8;
    %load/vec4 v000001de69a67720_0;
    %assign/vec4 v000001de69a674a0_0, 0;
    %jmp T_38.1;
T_38.0 ;
    %load/vec4 v000001de69a674a0_0;
    %parti/s 7, 0, 2;
    %load/vec4 v000001de69a674a0_0;
    %parti/s 1, 7, 4;
    %load/vec4 v000001de69a674a0_0;
    %parti/s 1, 5, 4;
    %xor;
    %load/vec4 v000001de69a674a0_0;
    %parti/s 1, 4, 4;
    %xor;
    %load/vec4 v000001de69a674a0_0;
    %parti/s 1, 3, 3;
    %xor;
    %concat/vec4; draw_concat_vec4
    %assign/vec4 v000001de69a674a0_0, 0;
T_38.1 ;
    %jmp T_38;
    .thread T_38;
    .scope S_000001de69a65df0;
T_39 ;
    %pushi/vec4 1, 0, 8;
    %store/vec4 v000001de69a67fe0_0, 0, 8;
    %end;
    .thread T_39;
    .scope S_000001de69a65df0;
T_40 ;
    %wait E_000001de699fdb20;
    %load/vec4 v000001de69a67860_0;
    %flag_set/vec4 8;
    %jmp/0xz  T_40.0, 8;
    %load/vec4 v000001de69a67b80_0;
    %assign/vec4 v000001de69a67fe0_0, 0;
    %jmp T_40.1;
T_40.0 ;
    %load/vec4 v000001de69a67fe0_0;
    %parti/s 7, 0, 2;
    %load/vec4 v000001de69a67fe0_0;
    %parti/s 1, 7, 4;
    %load/vec4 v000001de69a67fe0_0;
    %parti/s 1, 5, 4;
    %xor;
    %load/vec4 v000001de69a67fe0_0;
    %parti/s 1, 4, 4;
    %xor;
    %load/vec4 v000001de69a67fe0_0;
    %parti/s 1, 3, 3;
    %xor;
    %concat/vec4; draw_concat_vec4
    %assign/vec4 v000001de69a67fe0_0, 0;
T_40.1 ;
    %jmp T_40;
    .thread T_40;
    .scope S_000001de69a649a0;
T_41 ;
    %pushi/vec4 1, 0, 8;
    %store/vec4 v000001de69a67ea0_0, 0, 8;
    %end;
    .thread T_41;
    .scope S_000001de69a649a0;
T_42 ;
    %wait E_000001de699fdb20;
    %load/vec4 v000001de69a67d60_0;
    %flag_set/vec4 8;
    %jmp/0xz  T_42.0, 8;
    %load/vec4 v000001de69a66280_0;
    %assign/vec4 v000001de69a67ea0_0, 0;
    %jmp T_42.1;
T_42.0 ;
    %load/vec4 v000001de69a67ea0_0;
    %parti/s 7, 0, 2;
    %load/vec4 v000001de69a67ea0_0;
    %parti/s 1, 7, 4;
    %load/vec4 v000001de69a67ea0_0;
    %parti/s 1, 5, 4;
    %xor;
    %load/vec4 v000001de69a67ea0_0;
    %parti/s 1, 4, 4;
    %xor;
    %load/vec4 v000001de69a67ea0_0;
    %parti/s 1, 3, 3;
    %xor;
    %concat/vec4; draw_concat_vec4
    %assign/vec4 v000001de69a67ea0_0, 0;
T_42.1 ;
    %jmp T_42;
    .thread T_42;
    .scope S_000001de69a644f0;
T_43 ;
    %pushi/vec4 0, 0, 16;
    %store/vec4 v000001de69a69050_0, 0, 16;
    %end;
    .thread T_43;
    .scope S_000001de69a644f0;
T_44 ;
    %wait E_000001de699fdb20;
    %load/vec4 v000001de69a68a10_0;
    %flag_set/vec4 8;
    %jmp/0xz  T_44.0, 8;
    %pushi/vec4 0, 0, 16;
    %assign/vec4 v000001de69a69050_0, 0;
    %pushi/vec4 0, 0, 8;
    %assign/vec4 v000001de69a694b0_0, 0;
    %jmp T_44.1;
T_44.0 ;
    %load/vec4 v000001de69a694b0_0;
    %addi 1, 0, 8;
    %assign/vec4 v000001de69a694b0_0, 0;
    %load/vec4 v000001de69a694b0_0;
    %pad/u 32;
    %cmpi/u 20, 0, 32;
    %flag_or 5, 4; GT is !LE
    %flag_inv 5;
    %jmp/0xz  T_44.2, 5;
    %load/vec4 v000001de69a69050_0;
    %load/vec4 v000001de69a68b50_0;
    %pad/u 16;
    %add;
    %load/vec4 v000001de69a683d0_0;
    %pad/u 16;
    %add;
    %load/vec4 v000001de69a68470_0;
    %pad/u 16;
    %add;
    %load/vec4 v000001de69a69e10_0;
    %pad/u 16;
    %add;
    %assign/vec4 v000001de69a69050_0, 0;
T_44.2 ;
T_44.1 ;
    %jmp T_44;
    .thread T_44;
    .scope S_000001de69a64fe0;
T_45 ;
    %pushi/vec4 1, 0, 8;
    %store/vec4 v000001de69a69f50_0, 0, 8;
    %end;
    .thread T_45;
    .scope S_000001de69a64fe0;
T_46 ;
    %wait E_000001de699fdb20;
    %load/vec4 v000001de69a699b0_0;
    %flag_set/vec4 8;
    %jmp/0xz  T_46.0, 8;
    %load/vec4 v000001de69a69550_0;
    %assign/vec4 v000001de69a69f50_0, 0;
    %jmp T_46.1;
T_46.0 ;
    %load/vec4 v000001de69a69f50_0;
    %parti/s 7, 0, 2;
    %load/vec4 v000001de69a69f50_0;
    %parti/s 1, 7, 4;
    %load/vec4 v000001de69a69f50_0;
    %parti/s 1, 5, 4;
    %xor;
    %load/vec4 v000001de69a69f50_0;
    %parti/s 1, 4, 4;
    %xor;
    %load/vec4 v000001de69a69f50_0;
    %parti/s 1, 3, 3;
    %xor;
    %concat/vec4; draw_concat_vec4
    %assign/vec4 v000001de69a69f50_0, 0;
T_46.1 ;
    %jmp T_46;
    .thread T_46;
    .scope S_000001de69a65490;
T_47 ;
    %pushi/vec4 1, 0, 8;
    %store/vec4 v000001de69a69af0_0, 0, 8;
    %end;
    .thread T_47;
    .scope S_000001de69a65490;
T_48 ;
    %wait E_000001de699fdb20;
    %load/vec4 v000001de69a68dd0_0;
    %flag_set/vec4 8;
    %jmp/0xz  T_48.0, 8;
    %load/vec4 v000001de69a690f0_0;
    %assign/vec4 v000001de69a69af0_0, 0;
    %jmp T_48.1;
T_48.0 ;
    %load/vec4 v000001de69a69af0_0;
    %parti/s 7, 0, 2;
    %load/vec4 v000001de69a69af0_0;
    %parti/s 1, 7, 4;
    %load/vec4 v000001de69a69af0_0;
    %parti/s 1, 5, 4;
    %xor;
    %load/vec4 v000001de69a69af0_0;
    %parti/s 1, 4, 4;
    %xor;
    %load/vec4 v000001de69a69af0_0;
    %parti/s 1, 3, 3;
    %xor;
    %concat/vec4; draw_concat_vec4
    %assign/vec4 v000001de69a69af0_0, 0;
T_48.1 ;
    %jmp T_48;
    .thread T_48;
    .scope S_000001de69a6b1a0;
T_49 ;
    %pushi/vec4 1, 0, 8;
    %store/vec4 v000001de69a69410_0, 0, 8;
    %end;
    .thread T_49;
    .scope S_000001de69a6b1a0;
T_50 ;
    %wait E_000001de699fdb20;
    %load/vec4 v000001de69a69b90_0;
    %flag_set/vec4 8;
    %jmp/0xz  T_50.0, 8;
    %load/vec4 v000001de69a695f0_0;
    %assign/vec4 v000001de69a69410_0, 0;
    %jmp T_50.1;
T_50.0 ;
    %load/vec4 v000001de69a69410_0;
    %parti/s 7, 0, 2;
    %load/vec4 v000001de69a69410_0;
    %parti/s 1, 7, 4;
    %load/vec4 v000001de69a69410_0;
    %parti/s 1, 5, 4;
    %xor;
    %load/vec4 v000001de69a69410_0;
    %parti/s 1, 4, 4;
    %xor;
    %load/vec4 v000001de69a69410_0;
    %parti/s 1, 3, 3;
    %xor;
    %concat/vec4; draw_concat_vec4
    %assign/vec4 v000001de69a69410_0, 0;
T_50.1 ;
    %jmp T_50;
    .thread T_50;
    .scope S_000001de69a6bc90;
T_51 ;
    %pushi/vec4 1, 0, 8;
    %store/vec4 v000001de69a6dcf0_0, 0, 8;
    %end;
    .thread T_51;
    .scope S_000001de69a6bc90;
T_52 ;
    %wait E_000001de699fdb20;
    %load/vec4 v000001de69a69870_0;
    %flag_set/vec4 8;
    %jmp/0xz  T_52.0, 8;
    %load/vec4 v000001de69a6d7f0_0;
    %assign/vec4 v000001de69a6dcf0_0, 0;
    %jmp T_52.1;
T_52.0 ;
    %load/vec4 v000001de69a6dcf0_0;
    %parti/s 7, 0, 2;
    %load/vec4 v000001de69a6dcf0_0;
    %parti/s 1, 7, 4;
    %load/vec4 v000001de69a6dcf0_0;
    %parti/s 1, 5, 4;
    %xor;
    %load/vec4 v000001de69a6dcf0_0;
    %parti/s 1, 4, 4;
    %xor;
    %load/vec4 v000001de69a6dcf0_0;
    %parti/s 1, 3, 3;
    %xor;
    %concat/vec4; draw_concat_vec4
    %assign/vec4 v000001de69a6dcf0_0, 0;
T_52.1 ;
    %jmp T_52;
    .thread T_52;
    .scope S_000001de69a6b330;
T_53 ;
    %pushi/vec4 1, 0, 8;
    %store/vec4 v000001de69a6c350_0, 0, 8;
    %end;
    .thread T_53;
    .scope S_000001de69a6b330;
T_54 ;
    %wait E_000001de699fdb20;
    %load/vec4 v000001de69a6c850_0;
    %flag_set/vec4 8;
    %jmp/0xz  T_54.0, 8;
    %load/vec4 v000001de69a6cd50_0;
    %assign/vec4 v000001de69a6c350_0, 0;
    %jmp T_54.1;
T_54.0 ;
    %load/vec4 v000001de69a6c350_0;
    %parti/s 7, 0, 2;
    %load/vec4 v000001de69a6c350_0;
    %parti/s 1, 7, 4;
    %load/vec4 v000001de69a6c350_0;
    %parti/s 1, 5, 4;
    %xor;
    %load/vec4 v000001de69a6c350_0;
    %parti/s 1, 4, 4;
    %xor;
    %load/vec4 v000001de69a6c350_0;
    %parti/s 1, 3, 3;
    %xor;
    %concat/vec4; draw_concat_vec4
    %assign/vec4 v000001de69a6c350_0, 0;
T_54.1 ;
    %jmp T_54;
    .thread T_54;
    .scope S_000001de69a6a390;
T_55 ;
    %pushi/vec4 1, 0, 8;
    %store/vec4 v000001de69a6d110_0, 0, 8;
    %end;
    .thread T_55;
    .scope S_000001de69a6a390;
T_56 ;
    %wait E_000001de699fdb20;
    %load/vec4 v000001de69a6c7b0_0;
    %flag_set/vec4 8;
    %jmp/0xz  T_56.0, 8;
    %load/vec4 v000001de69a6c990_0;
    %assign/vec4 v000001de69a6d110_0, 0;
    %jmp T_56.1;
T_56.0 ;
    %load/vec4 v000001de69a6d110_0;
    %parti/s 7, 0, 2;
    %load/vec4 v000001de69a6d110_0;
    %parti/s 1, 7, 4;
    %load/vec4 v000001de69a6d110_0;
    %parti/s 1, 5, 4;
    %xor;
    %load/vec4 v000001de69a6d110_0;
    %parti/s 1, 4, 4;
    %xor;
    %load/vec4 v000001de69a6d110_0;
    %parti/s 1, 3, 3;
    %xor;
    %concat/vec4; draw_concat_vec4
    %assign/vec4 v000001de69a6d110_0, 0;
T_56.1 ;
    %jmp T_56;
    .thread T_56;
    .scope S_000001de69a6b970;
T_57 ;
    %pushi/vec4 1, 0, 8;
    %store/vec4 v000001de69a6cfd0_0, 0, 8;
    %end;
    .thread T_57;
    .scope S_000001de69a6b970;
T_58 ;
    %wait E_000001de699fdb20;
    %load/vec4 v000001de69a6d1b0_0;
    %flag_set/vec4 8;
    %jmp/0xz  T_58.0, 8;
    %load/vec4 v000001de69a6d930_0;
    %assign/vec4 v000001de69a6cfd0_0, 0;
    %jmp T_58.1;
T_58.0 ;
    %load/vec4 v000001de69a6cfd0_0;
    %parti/s 7, 0, 2;
    %load/vec4 v000001de69a6cfd0_0;
    %parti/s 1, 7, 4;
    %load/vec4 v000001de69a6cfd0_0;
    %parti/s 1, 5, 4;
    %xor;
    %load/vec4 v000001de69a6cfd0_0;
    %parti/s 1, 4, 4;
    %xor;
    %load/vec4 v000001de69a6cfd0_0;
    %parti/s 1, 3, 3;
    %xor;
    %concat/vec4; draw_concat_vec4
    %assign/vec4 v000001de69a6cfd0_0, 0;
T_58.1 ;
    %jmp T_58;
    .thread T_58;
    .scope S_000001de69a6a9d0;
T_59 ;
    %pushi/vec4 1, 0, 8;
    %store/vec4 v000001de69a6ca30_0, 0, 8;
    %end;
    .thread T_59;
    .scope S_000001de69a6a9d0;
T_60 ;
    %wait E_000001de699fdb20;
    %load/vec4 v000001de69a6c8f0_0;
    %flag_set/vec4 8;
    %jmp/0xz  T_60.0, 8;
    %load/vec4 v000001de69a6ccb0_0;
    %assign/vec4 v000001de69a6ca30_0, 0;
    %jmp T_60.1;
T_60.0 ;
    %load/vec4 v000001de69a6ca30_0;
    %parti/s 7, 0, 2;
    %load/vec4 v000001de69a6ca30_0;
    %parti/s 1, 7, 4;
    %load/vec4 v000001de69a6ca30_0;
    %parti/s 1, 5, 4;
    %xor;
    %load/vec4 v000001de69a6ca30_0;
    %parti/s 1, 4, 4;
    %xor;
    %load/vec4 v000001de69a6ca30_0;
    %parti/s 1, 3, 3;
    %xor;
    %concat/vec4; draw_concat_vec4
    %assign/vec4 v000001de69a6ca30_0, 0;
T_60.1 ;
    %jmp T_60;
    .thread T_60;
    .scope S_000001de69a64e50;
T_61 ;
    %pushi/vec4 0, 0, 16;
    %store/vec4 v000001de69a727d0_0, 0, 16;
    %end;
    .thread T_61;
    .scope S_000001de69a64e50;
T_62 ;
    %wait E_000001de699fdb20;
    %load/vec4 v000001de69a73770_0;
    %flag_set/vec4 8;
    %jmp/0xz  T_62.0, 8;
    %pushi/vec4 0, 0, 16;
    %assign/vec4 v000001de69a727d0_0, 0;
    %pushi/vec4 0, 0, 8;
    %assign/vec4 v000001de69a72f50_0, 0;
    %jmp T_62.1;
T_62.0 ;
    %load/vec4 v000001de69a72f50_0;
    %addi 1, 0, 8;
    %assign/vec4 v000001de69a72f50_0, 0;
    %load/vec4 v000001de69a72f50_0;
    %pad/u 32;
    %cmpi/u 20, 0, 32;
    %flag_or 5, 4; GT is !LE
    %flag_inv 5;
    %jmp/0xz  T_62.2, 5;
    %load/vec4 v000001de69a727d0_0;
    %load/vec4 v000001de69a734f0_0;
    %pad/u 16;
    %add;
    %load/vec4 v000001de69a73bd0_0;
    %pad/u 16;
    %add;
    %load/vec4 v000001de69a72a50_0;
    %pad/u 16;
    %add;
    %load/vec4 v000001de69a731d0_0;
    %pad/u 16;
    %add;
    %assign/vec4 v000001de69a727d0_0, 0;
T_62.2 ;
T_62.1 ;
    %jmp T_62;
    .thread T_62;
    .scope S_000001de69a6ab60;
T_63 ;
    %pushi/vec4 1, 0, 8;
    %store/vec4 v000001de69a73630_0, 0, 8;
    %end;
    .thread T_63;
    .scope S_000001de69a6ab60;
T_64 ;
    %wait E_000001de699fdb20;
    %load/vec4 v000001de69a73270_0;
    %flag_set/vec4 8;
    %jmp/0xz  T_64.0, 8;
    %load/vec4 v000001de69a738b0_0;
    %assign/vec4 v000001de69a73630_0, 0;
    %jmp T_64.1;
T_64.0 ;
    %load/vec4 v000001de69a73630_0;
    %parti/s 7, 0, 2;
    %load/vec4 v000001de69a73630_0;
    %parti/s 1, 7, 4;
    %load/vec4 v000001de69a73630_0;
    %parti/s 1, 5, 4;
    %xor;
    %load/vec4 v000001de69a73630_0;
    %parti/s 1, 4, 4;
    %xor;
    %load/vec4 v000001de69a73630_0;
    %parti/s 1, 3, 3;
    %xor;
    %concat/vec4; draw_concat_vec4
    %assign/vec4 v000001de69a73630_0, 0;
T_64.1 ;
    %jmp T_64;
    .thread T_64;
    .scope S_000001de69a6a840;
T_65 ;
    %pushi/vec4 1, 0, 8;
    %store/vec4 v000001de69a74030_0, 0, 8;
    %end;
    .thread T_65;
    .scope S_000001de69a6a840;
T_66 ;
    %wait E_000001de699fdb20;
    %load/vec4 v000001de69a73db0_0;
    %flag_set/vec4 8;
    %jmp/0xz  T_66.0, 8;
    %load/vec4 v000001de69a72550_0;
    %assign/vec4 v000001de69a74030_0, 0;
    %jmp T_66.1;
T_66.0 ;
    %load/vec4 v000001de69a74030_0;
    %parti/s 7, 0, 2;
    %load/vec4 v000001de69a74030_0;
    %parti/s 1, 7, 4;
    %load/vec4 v000001de69a74030_0;
    %parti/s 1, 5, 4;
    %xor;
    %load/vec4 v000001de69a74030_0;
    %parti/s 1, 4, 4;
    %xor;
    %load/vec4 v000001de69a74030_0;
    %parti/s 1, 3, 3;
    %xor;
    %concat/vec4; draw_concat_vec4
    %assign/vec4 v000001de69a74030_0, 0;
T_66.1 ;
    %jmp T_66;
    .thread T_66;
    .scope S_000001de69a6a520;
T_67 ;
    %pushi/vec4 1, 0, 8;
    %store/vec4 v000001de69a739f0_0, 0, 8;
    %end;
    .thread T_67;
    .scope S_000001de69a6a520;
T_68 ;
    %wait E_000001de699fdb20;
    %load/vec4 v000001de69a733b0_0;
    %flag_set/vec4 8;
    %jmp/0xz  T_68.0, 8;
    %load/vec4 v000001de69a72870_0;
    %assign/vec4 v000001de69a739f0_0, 0;
    %jmp T_68.1;
T_68.0 ;
    %load/vec4 v000001de69a739f0_0;
    %parti/s 7, 0, 2;
    %load/vec4 v000001de69a739f0_0;
    %parti/s 1, 7, 4;
    %load/vec4 v000001de69a739f0_0;
    %parti/s 1, 5, 4;
    %xor;
    %load/vec4 v000001de69a739f0_0;
    %parti/s 1, 4, 4;
    %xor;
    %load/vec4 v000001de69a739f0_0;
    %parti/s 1, 3, 3;
    %xor;
    %concat/vec4; draw_concat_vec4
    %assign/vec4 v000001de69a739f0_0, 0;
T_68.1 ;
    %jmp T_68;
    .thread T_68;
    .scope S_000001de69a6ae80;
T_69 ;
    %pushi/vec4 1, 0, 8;
    %store/vec4 v000001de69a73450_0, 0, 8;
    %end;
    .thread T_69;
    .scope S_000001de69a6ae80;
T_70 ;
    %wait E_000001de699fdb20;
    %load/vec4 v000001de69a73c70_0;
    %flag_set/vec4 8;
    %jmp/0xz  T_70.0, 8;
    %load/vec4 v000001de69a72910_0;
    %assign/vec4 v000001de69a73450_0, 0;
    %jmp T_70.1;
T_70.0 ;
    %load/vec4 v000001de69a73450_0;
    %parti/s 7, 0, 2;
    %load/vec4 v000001de69a73450_0;
    %parti/s 1, 7, 4;
    %load/vec4 v000001de69a73450_0;
    %parti/s 1, 5, 4;
    %xor;
    %load/vec4 v000001de69a73450_0;
    %parti/s 1, 4, 4;
    %xor;
    %load/vec4 v000001de69a73450_0;
    %parti/s 1, 3, 3;
    %xor;
    %concat/vec4; draw_concat_vec4
    %assign/vec4 v000001de69a73450_0, 0;
T_70.1 ;
    %jmp T_70;
    .thread T_70;
    .scope S_000001de69a6a200;
T_71 ;
    %pushi/vec4 1, 0, 8;
    %store/vec4 v000001de69a722d0_0, 0, 8;
    %end;
    .thread T_71;
    .scope S_000001de69a6a200;
T_72 ;
    %wait E_000001de699fdb20;
    %load/vec4 v000001de69a72230_0;
    %flag_set/vec4 8;
    %jmp/0xz  T_72.0, 8;
    %load/vec4 v000001de69a72410_0;
    %assign/vec4 v000001de69a722d0_0, 0;
    %jmp T_72.1;
T_72.0 ;
    %load/vec4 v000001de69a722d0_0;
    %parti/s 7, 0, 2;
    %load/vec4 v000001de69a722d0_0;
    %parti/s 1, 7, 4;
    %load/vec4 v000001de69a722d0_0;
    %parti/s 1, 5, 4;
    %xor;
    %load/vec4 v000001de69a722d0_0;
    %parti/s 1, 4, 4;
    %xor;
    %load/vec4 v000001de69a722d0_0;
    %parti/s 1, 3, 3;
    %xor;
    %concat/vec4; draw_concat_vec4
    %assign/vec4 v000001de69a722d0_0, 0;
T_72.1 ;
    %jmp T_72;
    .thread T_72;
    .scope S_000001de69a6b7e0;
T_73 ;
    %pushi/vec4 1, 0, 8;
    %store/vec4 v000001de69a72e10_0, 0, 8;
    %end;
    .thread T_73;
    .scope S_000001de69a6b7e0;
T_74 ;
    %wait E_000001de699fdb20;
    %load/vec4 v000001de69a72d70_0;
    %flag_set/vec4 8;
    %jmp/0xz  T_74.0, 8;
    %load/vec4 v000001de69a72eb0_0;
    %assign/vec4 v000001de69a72e10_0, 0;
    %jmp T_74.1;
T_74.0 ;
    %load/vec4 v000001de69a72e10_0;
    %parti/s 7, 0, 2;
    %load/vec4 v000001de69a72e10_0;
    %parti/s 1, 7, 4;
    %load/vec4 v000001de69a72e10_0;
    %parti/s 1, 5, 4;
    %xor;
    %load/vec4 v000001de69a72e10_0;
    %parti/s 1, 4, 4;
    %xor;
    %load/vec4 v000001de69a72e10_0;
    %parti/s 1, 3, 3;
    %xor;
    %concat/vec4; draw_concat_vec4
    %assign/vec4 v000001de69a72e10_0, 0;
T_74.1 ;
    %jmp T_74;
    .thread T_74;
    .scope S_000001de69a6a6b0;
T_75 ;
    %pushi/vec4 1, 0, 8;
    %store/vec4 v000001de69a751f0_0, 0, 8;
    %end;
    .thread T_75;
    .scope S_000001de69a6a6b0;
T_76 ;
    %wait E_000001de699fdb20;
    %load/vec4 v000001de69a764b0_0;
    %flag_set/vec4 8;
    %jmp/0xz  T_76.0, 8;
    %load/vec4 v000001de69a76870_0;
    %assign/vec4 v000001de69a751f0_0, 0;
    %jmp T_76.1;
T_76.0 ;
    %load/vec4 v000001de69a751f0_0;
    %parti/s 7, 0, 2;
    %load/vec4 v000001de69a751f0_0;
    %parti/s 1, 7, 4;
    %load/vec4 v000001de69a751f0_0;
    %parti/s 1, 5, 4;
    %xor;
    %load/vec4 v000001de69a751f0_0;
    %parti/s 1, 4, 4;
    %xor;
    %load/vec4 v000001de69a751f0_0;
    %parti/s 1, 3, 3;
    %xor;
    %concat/vec4; draw_concat_vec4
    %assign/vec4 v000001de69a751f0_0, 0;
T_76.1 ;
    %jmp T_76;
    .thread T_76;
    .scope S_000001de69a6b010;
T_77 ;
    %pushi/vec4 1, 0, 8;
    %store/vec4 v000001de69a76690_0, 0, 8;
    %end;
    .thread T_77;
    .scope S_000001de69a6b010;
T_78 ;
    %wait E_000001de699fdb20;
    %load/vec4 v000001de69a75290_0;
    %flag_set/vec4 8;
    %jmp/0xz  T_78.0, 8;
    %load/vec4 v000001de69a756f0_0;
    %assign/vec4 v000001de69a76690_0, 0;
    %jmp T_78.1;
T_78.0 ;
    %load/vec4 v000001de69a76690_0;
    %parti/s 7, 0, 2;
    %load/vec4 v000001de69a76690_0;
    %parti/s 1, 7, 4;
    %load/vec4 v000001de69a76690_0;
    %parti/s 1, 5, 4;
    %xor;
    %load/vec4 v000001de69a76690_0;
    %parti/s 1, 4, 4;
    %xor;
    %load/vec4 v000001de69a76690_0;
    %parti/s 1, 3, 3;
    %xor;
    %concat/vec4; draw_concat_vec4
    %assign/vec4 v000001de69a76690_0, 0;
T_78.1 ;
    %jmp T_78;
    .thread T_78;
    .scope S_000001de69a6b650;
T_79 ;
    %pushi/vec4 0, 0, 16;
    %store/vec4 v000001de69a765f0_0, 0, 16;
    %end;
    .thread T_79;
    .scope S_000001de69a6b650;
T_80 ;
    %wait E_000001de699fdb20;
    %load/vec4 v000001de69a753d0_0;
    %flag_set/vec4 8;
    %jmp/0xz  T_80.0, 8;
    %pushi/vec4 0, 0, 16;
    %assign/vec4 v000001de69a765f0_0, 0;
    %pushi/vec4 0, 0, 8;
    %assign/vec4 v000001de69a75d30_0, 0;
    %jmp T_80.1;
T_80.0 ;
    %load/vec4 v000001de69a75d30_0;
    %addi 1, 0, 8;
    %assign/vec4 v000001de69a75d30_0, 0;
    %load/vec4 v000001de69a75d30_0;
    %pad/u 32;
    %cmpi/u 20, 0, 32;
    %flag_or 5, 4; GT is !LE
    %flag_inv 5;
    %jmp/0xz  T_80.2, 5;
    %load/vec4 v000001de69a765f0_0;
    %load/vec4 v000001de69a76230_0;
    %pad/u 16;
    %add;
    %load/vec4 v000001de69a75c90_0;
    %pad/u 16;
    %add;
    %load/vec4 v000001de69a74570_0;
    %pad/u 16;
    %add;
    %load/vec4 v000001de69a74890_0;
    %pad/u 16;
    %add;
    %assign/vec4 v000001de69a765f0_0, 0;
T_80.2 ;
T_80.1 ;
    %jmp T_80;
    .thread T_80;
    .scope S_000001de69a0e1b0;
T_81 ;
    %pushi/vec4 0, 0, 1;
    %store/vec4 v000001de69a78030_0, 0, 1;
T_81.0 ;
    %delay 5000, 0;
    %load/vec4 v000001de69a78030_0;
    %inv;
    %store/vec4 v000001de69a78030_0, 0, 1;
    %jmp T_81.0;
    %end;
    .thread T_81;
    .scope S_000001de69a0e1b0;
T_82 ;
    %vpi_call 10 36 "$dumpfile", "output/waveform.vcd" {0 0 0};
    %vpi_call 10 37 "$dumpvars", 32'sb00000000000000000000000000000000, S_000001de69a0e1b0 {0 0 0};
    %pushi/vec4 1, 0, 1;
    %store/vec4 v000001de69a77310_0, 0, 1;
    %delay 30000, 0;
    %pushi/vec4 0, 0, 1;
    %store/vec4 v000001de69a77310_0, 0, 1;
    %pushi/vec4 128, 0, 8;
    %store/vec4 v000001de69a74430_0, 0, 8;
    %pushi/vec4 64, 0, 8;
    %store/vec4 v000001de69a750b0_0, 0, 8;
    %pushi/vec4 192, 0, 8;
    %store/vec4 v000001de69a74d90_0, 0, 8;
    %pushi/vec4 32, 0, 8;
    %store/vec4 v000001de69a744d0_0, 0, 8;
    %pushi/vec4 128, 0, 8;
    %store/vec4 v000001de69a76b90_0, 0, 8;
    %pushi/vec4 64, 0, 8;
    %store/vec4 v000001de69a77270_0, 0, 8;
    %pushi/vec4 128, 0, 8;
    %store/vec4 v000001de69a77e50_0, 0, 8;
    %pushi/vec4 64, 0, 8;
    %store/vec4 v000001de69a77770_0, 0, 8;
    %pushi/vec4 1000, 0, 32;
T_82.0 %dup/vec4;
    %pushi/vec4 0, 0, 32;
    %cmp/s;
    %jmp/1xz T_82.1, 5;
    %jmp/1 T_82.1, 4;
    %pushi/vec4 1, 0, 32;
    %sub;
    %delay 10000, 0;
    %jmp T_82.0;
T_82.1 ;
    %pop/vec4 1;
    %vpi_call 10 58 "$display", "C11=%d C12=%d C21=%d C22=%d", v000001de69a76d70_0, v000001de69a779f0_0, v000001de69a77450_0, v000001de69a77810_0 {0 0 0};
    %vpi_call 10 60 "$finish" {0 0 0};
    %end;
    .thread T_82;
    .scope S_000001de69979640;
T_83 ;
    %wait E_000001de699ff360;
    %load/vec4 v000001de69a77d10_0;
    %flag_set/vec4 8;
    %jmp/0xz  T_83.0, 8;
    %pushi/vec4 0, 0, 16;
    %assign/vec4 v000001de69a77db0_0, 0;
    %jmp T_83.1;
T_83.0 ;
    %load/vec4 v000001de69a77db0_0;
    %load/vec4 v000001de69a774f0_0;
    %pad/u 16;
    %add;
    %load/vec4 v000001de69a77590_0;
    %pad/u 16;
    %add;
    %load/vec4 v000001de69a776d0_0;
    %pad/u 16;
    %add;
    %load/vec4 v000001de69a77b30_0;
    %pad/u 16;
    %add;
    %assign/vec4 v000001de69a77db0_0, 0;
T_83.1 ;
    %jmp T_83;
    .thread T_83;
# The file index is used to find the file name in the following table.
:file_names 15;
    "N/A";
    "<interactive>";
    "src/dot_product.v";
    "src/counter_accumulator.v";
    "src/stochastic_multiplier.v";
    "src/parallel_bitstream_generator.v";
    "src/comparator.v";
    "src/sobol_generator.v";
    "src/signed_stochastic_multiplier.v";
    "src/sign_xor.v";
    "tb/tb_stochastic_matrix_multiply.v";
    "src/stochastic_matrix_multiply.v";
    "src/stochastic_vector_dot_product.v";
    "src/stochastic_bitstream.v";
    "src/vector_dot_product.v";
